{"meta": {"format": 3, "version": "7.11.3", "timestamp": "2025-11-18T08:27:25.495231", "branch_coverage": false, "show_contexts": false}, "files": {"logic/ai_feature_extractor.py": {"executed_lines": [5, 6, 7, 8, 11, 13, 14, 17, 18, 19, 22, 25, 36, 37, 38, 39, 40, 41, 42, 44, 45, 46, 52, 53, 55, 57, 59, 60, 61, 62, 64, 65, 66, 67, 68, 69, 71, 72, 73, 74, 76, 79, 82, 92, 93, 94, 95, 107, 108, 109, 110, 111, 112, 113, 114, 119, 120, 121, 122, 123, 125, 126, 127, 128, 130, 131, 132, 134, 136, 137, 138, 139, 140, 142, 149, 150, 151, 153, 154, 158, 159, 160, 162, 167, 168, 169, 171, 177, 203], "summary": {"covered_lines": 89, "num_statements": 149, "percent_covered": 59.73154362416108, "percent_covered_display": "60", "missing_lines": 60, "excluded_lines": 0}, "missing_lines": [26, 27, 29, 30, 77, 83, 84, 85, 86, 87, 88, 89, 96, 97, 98, 99, 100, 101, 102, 103, 104, 115, 116, 143, 144, 145, 146, 147, 152, 156, 163, 164, 165, 181, 182, 183, 184, 186, 187, 188, 189, 190, 191, 193, 195, 196, 198, 199, 200, 207, 208, 209, 211, 212, 213, 215, 216, 217, 218, 220], "excluded_lines": [], "functions": {"_parse_win_rate_text": {"executed_lines": [37, 38, 39, 40, 41, 42], "summary": {"covered_lines": 6, "num_statements": 6, "percent_covered": 100.0, "percent_covered_display": "100", "missing_lines": 0, "excluded_lines": 0}, "missing_lines": [], "excluded_lines": []}, "_standardize_pair": {"executed_lines": [45, 46], "summary": {"covered_lines": 2, "num_statements": 2, "percent_covered": 100.0, "percent_covered_display": "100", "missing_lines": 0, "excluded_lines": 0}, "missing_lines": [], "excluded_lines": []}, "_get_daily_bridge_predictions": {"executed_lines": [53, 55, 57, 59, 60, 61, 62, 64, 65, 66, 67, 68, 69, 71, 72, 73, 74, 76, 79, 82, 92, 93, 94, 95, 107, 108, 109, 110, 111, 112, 113, 114, 119, 120, 121, 122, 123, 125, 126, 127, 128, 130, 131, 132, 134, 136, 137, 138, 139, 140, 142, 149, 150, 151, 153, 154, 158, 159, 160, 162, 167, 168, 169, 171], "summary": {"covered_lines": 64, "num_statements": 93, "percent_covered": 68.81720430107526, "percent_covered_display": "69", "missing_lines": 29, "excluded_lines": 0}, "missing_lines": [77, 83, 84, 85, 86, 87, 88, 89, 96, 97, 98, 99, 100, 101, 102, 103, 104, 115, 116, 143, 144, 145, 146, 147, 152, 156, 163, 164, 165], "excluded_lines": []}, "run_ai_training_threaded": {"executed_lines": [], "summary": {"covered_lines": 0, "num_statements": 8, "percent_covered": 0.0, "percent_covered_display": "0", "missing_lines": 8, "excluded_lines": 0}, "missing_lines": [181, 182, 183, 184, 186, 198, 199, 200], "excluded_lines": []}, "run_ai_training_threaded._train_target": {"executed_lines": [], "summary": {"covered_lines": 0, "num_statements": 8, "percent_covered": 0.0, "percent_covered_display": "0", "missing_lines": 8, "excluded_lines": 0}, "missing_lines": [187, 188, 189, 190, 191, 193, 195, 196], "excluded_lines": []}, "run_ai_prediction_for_dashboard": {"executed_lines": [], "summary": {"covered_lines": 0, "num_statements": 11, "percent_covered": 0.0, "percent_covered_display": "0", "missing_lines": 11, "excluded_lines": 0}, "missing_lines": [207, 208, 209, 211, 212, 213, 215, 216, 217, 218, 220], "excluded_lines": []}, "": {"executed_lines": [5, 6, 7, 8, 11, 13, 14, 17, 18, 19, 22, 25, 36, 44, 52, 177, 203], "summary": {"covered_lines": 17, "num_statements": 21, "percent_covered": 80.95238095238095, "percent_covered_display": "81", "missing_lines": 4, "excluded_lines": 0}, "missing_lines": [26, 27, 29, 30], "excluded_lines": []}}, "classes": {"": {"executed_lines": [5, 6, 7, 8, 11, 13, 14, 17, 18, 19, 22, 25, 36, 37, 38, 39, 40, 41, 42, 44, 45, 46, 52, 53, 55, 57, 59, 60, 61, 62, 64, 65, 66, 67, 68, 69, 71, 72, 73, 74, 76, 79, 82, 92, 93, 94, 95, 107, 108, 109, 110, 111, 112, 113, 114, 119, 120, 121, 122, 123, 125, 126, 127, 128, 130, 131, 132, 134, 136, 137, 138, 139, 140, 142, 149, 150, 151, 153, 154, 158, 159, 160, 162, 167, 168, 169, 171, 177, 203], "summary": {"covered_lines": 89, "num_statements": 149, "percent_covered": 59.73154362416108, "percent_covered_display": "60", "missing_lines": 60, "excluded_lines": 0}, "missing_lines": [26, 27, 29, 30, 77, 83, 84, 85, 86, 87, 88, 89, 96, 97, 98, 99, 100, 101, 102, 103, 104, 115, 116, 143, 144, 145, 146, 147, 152, 156, 163, 164, 165, 181, 182, 183, 184, 186, 187, 188, 189, 190, 191, 193, 195, 196, 198, 199, 200, 207, 208, 209, 211, 212, 213, 215, 216, 217, 218, 220], "excluded_lines": []}}}, "logic/analytics.py": {"executed_lines": [1, 4, 5, 6, 7, 8, 9, 10, 11, 12, 15, 16, 21, 22, 23, 28, 29, 30, 31, 32, 35, 36, 40, 41, 42, 46, 47, 48, 49, 55, 102, 173, 219, 280, 291], "summary": {"covered_lines": 13, "num_statements": 192, "percent_covered": 6.770833333333333, "percent_covered_display": "7", "missing_lines": 179, "excluded_lines": 22}, "missing_lines": [62, 63, 64, 66, 67, 69, 71, 72, 74, 75, 78, 81, 82, 85, 88, 91, 92, 93, 94, 96, 98, 99, 100, 108, 109, 110, 112, 114, 116, 117, 119, 120, 123, 124, 125, 126, 127, 129, 130, 131, 132, 133, 134, 137, 138, 139, 140, 141, 142, 143, 144, 146, 147, 148, 150, 151, 152, 154, 155, 156, 157, 160, 161, 162, 163, 164, 166, 167, 169, 170, 171, 178, 179, 180, 182, 183, 184, 185, 187, 189, 190, 192, 193, 194, 196, 199, 200, 201, 202, 204, 205, 210, 211, 213, 215, 216, 217, 225, 226, 227, 228, 229, 232, 235, 236, 237, 238, 239, 242, 244, 245, 248, 249, 251, 252, 253, 254, 255, 256, 257, 259, 260, 261, 262, 264, 266, 267, 270, 273, 274, 276, 277, 278, 282, 283, 284, 285, 295, 297, 300, 303, 308, 309, 310, 311, 312, 315, 316, 317, 318, 319, 320, 321, 324, 325, 326, 327, 328, 329, 330, 335, 336, 339, 340, 341, 344, 345, 346, 348, 349, 350, 353, 354, 355, 364, 366, 368, 369, 370], "excluded_lines": [6, 7, 8, 9, 10, 11, 12, 21, 22, 23, 28, 29, 30, 31, 32, 40, 41, 42, 46, 47, 48, 49], "functions": {"get_loto_stats_last_n_days": {"executed_lines": [], "summary": {"covered_lines": 0, "num_statements": 23, "percent_covered": 0.0, "percent_covered_display": "0", "missing_lines": 23, "excluded_lines": 0}, "missing_lines": [62, 63, 64, 66, 67, 69, 71, 72, 74, 75, 78, 81, 82, 85, 88, 91, 92, 93, 94, 96, 98, 99, 100], "excluded_lines": []}, "get_prediction_consensus": {"executed_lines": [], "summary": {"covered_lines": 0, "num_statements": 44, "percent_covered": 0.0, "percent_covered_display": "0", "missing_lines": 44, "excluded_lines": 0}, "missing_lines": [108, 109, 110, 112, 114, 123, 124, 125, 126, 127, 129, 130, 131, 132, 133, 134, 137, 138, 139, 140, 141, 142, 143, 144, 146, 147, 148, 150, 151, 152, 154, 155, 156, 157, 160, 161, 162, 163, 164, 166, 167, 169, 170, 171], "excluded_lines": []}, "get_prediction_consensus.get_pair_key": {"executed_lines": [], "summary": {"covered_lines": 0, "num_statements": 4, "percent_covered": 0.0, "percent_covered_display": "0", "missing_lines": 4, "excluded_lines": 0}, "missing_lines": [116, 117, 119, 120], "excluded_lines": []}, "get_high_win_rate_predictions": {"executed_lines": [], "summary": {"covered_lines": 0, "num_statements": 26, "percent_covered": 0.0, "percent_covered_display": "0", "missing_lines": 26, "excluded_lines": 0}, "missing_lines": [178, 179, 180, 182, 183, 184, 185, 187, 189, 190, 192, 193, 194, 196, 199, 200, 201, 202, 204, 205, 210, 211, 213, 215, 216, 217], "excluded_lines": []}, "get_loto_gan_stats": {"executed_lines": [], "summary": {"covered_lines": 0, "num_statements": 36, "percent_covered": 0.0, "percent_covered_display": "0", "missing_lines": 36, "excluded_lines": 0}, "missing_lines": [225, 226, 227, 228, 229, 232, 235, 236, 237, 238, 239, 242, 244, 245, 248, 249, 251, 252, 253, 254, 255, 256, 257, 259, 260, 261, 262, 264, 266, 267, 270, 273, 274, 276, 277, 278], "excluded_lines": []}, "_standardize_pair": {"executed_lines": [], "summary": {"covered_lines": 0, "num_statements": 4, "percent_covered": 0.0, "percent_covered_display": "0", "missing_lines": 4, "excluded_lines": 0}, "missing_lines": [282, 283, 284, 285], "excluded_lines": []}, "get_top_scored_pairs": {"executed_lines": [], "summary": {"covered_lines": 0, "num_statements": 42, "percent_covered": 0.0, "percent_covered_display": "0", "missing_lines": 42, "excluded_lines": 0}, "missing_lines": [295, 297, 300, 303, 308, 309, 310, 311, 312, 315, 316, 317, 318, 319, 320, 321, 324, 325, 326, 327, 328, 329, 330, 335, 336, 339, 340, 341, 344, 345, 346, 348, 349, 350, 353, 354, 355, 364, 366, 368, 369, 370], "excluded_lines": []}, "": {"executed_lines": [1, 4, 5, 6, 7, 8, 9, 10, 11, 12, 15, 16, 21, 22, 23, 28, 29, 30, 31, 32, 35, 36, 40, 41, 42, 46, 47, 48, 49, 55, 102, 173, 219, 280, 291], "summary": {"covered_lines": 13, "num_statements": 13, "percent_covered": 100.0, "percent_covered_display": "100", "missing_lines": 0, "excluded_lines": 22}, "missing_lines": [], "excluded_lines": [6, 7, 8, 9, 10, 11, 12, 21, 22, 23, 28, 29, 30, 31, 32, 40, 41, 42, 46, 47, 48, 49]}}, "classes": {"": {"executed_lines": [1, 4, 5, 6, 7, 8, 9, 10, 11, 12, 15, 16, 21, 22, 23, 28, 29, 30, 31, 32, 35, 36, 40, 41, 42, 46, 47, 48, 49, 55, 102, 173, 219, 280, 291], "summary": {"covered_lines": 13, "num_statements": 192, "percent_covered": 6.770833333333333, "percent_covered_display": "7", "missing_lines": 179, "excluded_lines": 22}, "missing_lines": [62, 63, 64, 66, 67, 69, 71, 72, 74, 75, 78, 81, 82, 85, 88, 91, 92, 93, 94, 96, 98, 99, 100, 108, 109, 110, 112, 114, 116, 117, 119, 120, 123, 124, 125, 126, 127, 129, 130, 131, 132, 133, 134, 137, 138, 139, 140, 141, 142, 143, 144, 146, 147, 148, 150, 151, 152, 154, 155, 156, 157, 160, 161, 162, 163, 164, 166, 167, 169, 170, 171, 178, 179, 180, 182, 183, 184, 185, 187, 189, 190, 192, 193, 194, 196, 199, 200, 201, 202, 204, 205, 210, 211, 213, 215, 216, 217, 225, 226, 227, 228, 229, 232, 235, 236, 237, 238, 239, 242, 244, 245, 248, 249, 251, 252, 253, 254, 255, 256, 257, 259, 260, 261, 262, 264, 266, 267, 270, 273, 274, 276, 277, 278, 282, 283, 284, 285, 295, 297, 300, 303, 308, 309, 310, 311, 312, 315, 316, 317, 318, 319, 320, 321, 324, 325, 326, 327, 328, 329, 330, 335, 336, 339, 340, 341, 344, 345, 346, 348, 349, 350, 353, 354, 355, 364, 366, 368, 369, 370], "excluded_lines": [6, 7, 8, 9, 10, 11, 12, 21, 22, 23, 28, 29, 30, 31, 32, 40, 41, 42, 46, 47, 48, 49]}}}, "logic/backtester.py": {"executed_lines": [1, 3, 6, 7, 23, 24, 31, 40, 41, 54, 55, 72, 73, 89, 90, 91, 92, 93, 94, 95, 96, 97, 98, 99, 100, 101, 102, 103, 104, 106, 110, 111, 113, 114, 115, 117, 118, 119, 120, 121, 123, 125, 126, 129, 132, 133, 134, 135, 136, 137, 138, 139, 140, 143, 144, 146, 147, 148, 153, 154, 157, 168, 174, 175, 176, 177, 178, 179, 181, 182, 184, 185, 187, 188, 191, 192, 193, 194, 196, 197, 199, 200, 202, 203, 204, 205, 207, 208, 209, 210, 211, 213, 214, 216, 221, 223, 224, 226, 227, 228, 229, 230, 231, 233, 234, 235, 236, 240, 246, 251, 257, 267, 269, 270, 397, 400, 401, 473, 476, 477, 478, 549, 550, 551, 556, 558, 560, 563, 564, 566, 567, 644, 646, 648, 651, 652, 654, 655, 786, 788, 790, 791, 899, 901, 902, 903, 946, 948, 949, 951, 952, 954, 955, 1001, 1002, 1003, 1004], "summary": {"covered_lines": 157, "num_statements": 669, "percent_covered": 23.467862481315397, "percent_covered_display": "23", "missing_lines": 512, "excluded_lines": 29}, "missing_lines": [165, 166, 189, 237, 238, 241, 242, 243, 244, 247, 248, 249, 252, 253, 258, 259, 272, 277, 279, 280, 281, 283, 284, 286, 288, 289, 290, 292, 293, 294, 295, 296, 298, 299, 300, 301, 303, 304, 306, 308, 309, 310, 311, 312, 313, 314, 315, 316, 317, 318, 320, 321, 322, 323, 324, 326, 328, 329, 330, 331, 332, 333, 334, 336, 337, 339, 340, 341, 342, 344, 345, 346, 348, 349, 350, 352, 353, 355, 356, 357, 358, 359, 360, 361, 362, 364, 365, 366, 367, 368, 370, 371, 372, 373, 374, 376, 377, 378, 379, 380, 381, 383, 384, 385, 386, 387, 388, 390, 392, 393, 395, 402, 407, 408, 410, 412, 413, 414, 415, 416, 417, 418, 419, 420, 421, 422, 423, 424, 425, 426, 427, 428, 429, 430, 431, 432, 434, 436, 437, 438, 439, 440, 441, 442, 443, 444, 445, 446, 447, 448, 450, 451, 452, 453, 454, 456, 457, 458, 459, 460, 461, 462, 463, 464, 466, 467, 469, 480, 482, 483, 485, 486, 488, 489, 490, 492, 494, 495, 496, 497, 498, 499, 500, 501, 503, 505, 507, 508, 509, 510, 512, 513, 514, 515, 517, 518, 519, 520, 521, 522, 523, 524, 526, 527, 529, 530, 532, 533, 535, 536, 538, 539, 540, 542, 543, 544, 545, 546, 548, 561, 562, 569, 570, 571, 572, 574, 576, 577, 578, 579, 580, 581, 582, 583, 585, 587, 588, 590, 591, 592, 593, 594, 595, 596, 597, 598, 599, 600, 601, 602, 604, 606, 607, 608, 609, 610, 611, 612, 613, 614, 615, 616, 617, 619, 620, 621, 622, 624, 626, 627, 628, 629, 630, 631, 632, 633, 635, 636, 638, 639, 640, 642, 649, 650, 657, 658, 659, 660, 662, 664, 665, 666, 668, 669, 671, 672, 673, 675, 676, 677, 678, 679, 681, 682, 683, 684, 686, 687, 688, 690, 692, 693, 694, 695, 696, 697, 698, 699, 700, 701, 702, 704, 705, 706, 707, 708, 710, 712, 713, 714, 715, 716, 718, 719, 721, 722, 723, 724, 725, 727, 728, 730, 731, 733, 734, 735, 737, 738, 740, 741, 743, 744, 745, 746, 747, 748, 750, 751, 752, 753, 755, 756, 757, 758, 760, 762, 763, 764, 766, 767, 768, 769, 770, 771, 772, 774, 776, 777, 779, 780, 781, 783, 793, 794, 796, 797, 799, 800, 801, 802, 803, 805, 806, 807, 809, 810, 812, 814, 815, 816, 817, 818, 819, 820, 821, 823, 830, 832, 833, 834, 836, 837, 838, 839, 841, 842, 843, 844, 845, 847, 848, 849, 851, 852, 853, 855, 856, 857, 859, 861, 863, 865, 866, 867, 868, 869, 870, 872, 873, 874, 875, 876, 878, 879, 880, 881, 882, 883, 885, 886, 888, 889, 890, 892, 893, 905, 906, 909, 911, 912, 913, 914, 915, 916, 918, 919, 921, 922, 924, 925, 927, 928, 929, 930, 932, 933, 936, 938, 939, 941, 943, 944, 957, 958, 961, 962, 963, 965, 966, 967, 968, 969, 972, 973, 974, 976, 977, 978, 979, 980, 981, 983, 984, 987, 988, 990, 991, 992, 994, 995, 997, 999], "excluded_lines": [8, 9, 10, 11, 12, 13, 32, 34, 35, 36, 37, 38, 46, 48, 49, 50, 51, 62, 64, 65, 66, 67, 68, 69, 78, 79, 80, 81, 82], "functions": {"_validate_backtest_params": {"executed_lines": [90, 91, 92, 93, 94, 95, 96, 97, 98, 99, 100, 101, 102, 103, 104], "summary": {"covered_lines": 15, "num_statements": 15, "percent_covered": 100.0, "percent_covered_display": "100", "missing_lines": 0, "excluded_lines": 0}, "missing_lines": [], "excluded_lines": []}, "_parse_k2n_results": {"executed_lines": [110, 111, 113, 114, 115, 117, 118, 119, 120, 121, 123, 125, 126, 129, 132, 133, 134, 135, 136, 137, 138, 139, 140, 143, 144, 146, 147, 148, 153, 154, 157, 168], "summary": {"covered_lines": 32, "num_statements": 34, "percent_covered": 94.11764705882354, "percent_covered_display": "94", "missing_lines": 2, "excluded_lines": 0}, "missing_lines": [165, 166], "excluded_lines": []}, "TONGHOP_TOP_CAU_CORE_V5": {"executed_lines": [175, 176, 177, 178, 179, 181, 182, 184, 185, 187, 188, 191, 192, 193, 194, 196, 197, 199, 200, 202, 203, 204, 205, 207, 208, 209, 210, 211, 213, 214, 216, 221, 223, 224, 226, 227, 228, 229, 230, 231, 233, 234, 235, 236, 240, 246], "summary": {"covered_lines": 46, "num_statements": 56, "percent_covered": 82.14285714285714, "percent_covered_display": "82", "missing_lines": 10, "excluded_lines": 0}, "missing_lines": [189, 237, 238, 241, 242, 243, 244, 247, 248, 249], "excluded_lines": []}, "TONGHOP_TOP_CAU_N1_V5": {"executed_lines": [], "summary": {"covered_lines": 0, "num_statements": 2, "percent_covered": 0.0, "percent_covered_display": "0", "missing_lines": 2, "excluded_lines": 0}, "missing_lines": [252, 253], "excluded_lines": []}, "TONGHOP_TOP_CAU_RATE_V5": {"executed_lines": [], "summary": {"covered_lines": 0, "num_statements": 2, "percent_covered": 0.0, "percent_covered_display": "0", "missing_lines": 2, "excluded_lines": 0}, "missing_lines": [258, 259], "excluded_lines": []}, "BACKTEST_15_CAU_K2N_V30_AI_V8": {"executed_lines": [269, 270], "summary": {"covered_lines": 2, "num_statements": 97, "percent_covered": 2.0618556701030926, "percent_covered_display": "2", "missing_lines": 95, "excluded_lines": 0}, "missing_lines": [272, 277, 279, 280, 281, 283, 284, 286, 288, 289, 290, 292, 293, 294, 295, 296, 298, 299, 300, 301, 303, 304, 306, 308, 309, 310, 311, 312, 313, 314, 315, 316, 317, 318, 320, 321, 322, 323, 324, 326, 328, 329, 330, 331, 332, 333, 334, 336, 337, 339, 340, 341, 342, 344, 345, 346, 348, 349, 350, 352, 353, 355, 356, 357, 358, 359, 360, 361, 362, 364, 365, 366, 367, 368, 370, 371, 372, 373, 374, 376, 377, 378, 379, 380, 381, 383, 384, 385, 386, 387, 388, 390, 392, 393, 395], "excluded_lines": []}, "BACKTEST_15_CAU_N1_V31_AI_V8": {"executed_lines": [400, 401], "summary": {"covered_lines": 2, "num_statements": 58, "percent_covered": 3.4482758620689653, "percent_covered_display": "3", "missing_lines": 56, "excluded_lines": 0}, "missing_lines": [402, 407, 408, 410, 412, 413, 414, 415, 416, 417, 418, 419, 420, 421, 422, 423, 424, 425, 426, 427, 428, 429, 430, 431, 432, 434, 436, 437, 438, 439, 440, 441, 442, 443, 444, 445, 446, 447, 448, 450, 451, 452, 453, 454, 456, 457, 458, 459, 460, 461, 462, 463, 464, 466, 467, 469], "excluded_lines": []}, "BACKTEST_CUSTOM_CAU_V16": {"executed_lines": [476, 477, 478, 549, 550, 551], "summary": {"covered_lines": 6, "num_statements": 58, "percent_covered": 10.344827586206897, "percent_covered_display": "10", "missing_lines": 52, "excluded_lines": 0}, "missing_lines": [480, 482, 483, 485, 486, 488, 489, 490, 492, 494, 495, 496, 497, 498, 499, 500, 501, 503, 505, 507, 508, 509, 510, 512, 513, 514, 515, 517, 518, 519, 520, 521, 522, 523, 524, 526, 527, 529, 530, 532, 533, 535, 536, 538, 539, 540, 542, 543, 544, 545, 546, 548], "excluded_lines": []}, "BACKTEST_MANAGED_BRIDGES_N1": {"executed_lines": [558, 560, 563, 564, 566, 567], "summary": {"covered_lines": 6, "num_statements": 69, "percent_covered": 8.695652173913043, "percent_covered_display": "9", "missing_lines": 63, "excluded_lines": 0}, "missing_lines": [561, 562, 569, 570, 571, 572, 574, 576, 577, 578, 579, 580, 581, 582, 583, 585, 587, 588, 590, 591, 592, 593, 594, 595, 596, 597, 598, 599, 600, 601, 602, 604, 606, 607, 608, 609, 610, 611, 612, 613, 614, 615, 616, 617, 619, 620, 621, 622, 624, 626, 627, 628, 629, 630, 631, 632, 633, 635, 636, 638, 639, 640, 642], "excluded_lines": []}, "BACKTEST_MANAGED_BRIDGES_K2N": {"executed_lines": [646, 648, 651, 652, 654, 655], "summary": {"covered_lines": 6, "num_statements": 106, "percent_covered": 5.660377358490566, "percent_covered_display": "6", "missing_lines": 100, "excluded_lines": 0}, "missing_lines": [649, 650, 657, 658, 659, 660, 662, 664, 665, 666, 668, 669, 671, 672, 673, 675, 676, 677, 678, 679, 681, 682, 683, 684, 686, 687, 688, 690, 692, 693, 694, 695, 696, 697, 698, 699, 700, 701, 702, 704, 705, 706, 707, 708, 710, 712, 713, 714, 715, 716, 718, 719, 721, 722, 723, 724, 725, 727, 728, 730, 731, 733, 734, 735, 737, 738, 740, 741, 743, 744, 745, 746, 747, 748, 750, 751, 752, 753, 755, 756, 757, 758, 760, 762, 763, 764, 766, 767, 768, 769, 770, 771, 772, 774, 776, 777, 779, 780, 781, 783], "excluded_lines": []}, "BACKTEST_MEMORY_BRIDGES": {"executed_lines": [788, 790, 791], "summary": {"covered_lines": 3, "num_statements": 76, "percent_covered": 3.9473684210526314, "percent_covered_display": "4", "missing_lines": 73, "excluded_lines": 0}, "missing_lines": [793, 794, 796, 797, 799, 800, 801, 802, 803, 805, 806, 807, 809, 810, 812, 814, 815, 816, 817, 818, 819, 820, 821, 823, 830, 832, 833, 834, 836, 837, 838, 839, 841, 842, 843, 844, 845, 847, 848, 849, 851, 852, 853, 855, 856, 857, 859, 861, 863, 865, 866, 867, 868, 869, 870, 872, 873, 874, 875, 876, 878, 879, 880, 881, 882, 883, 885, 886, 888, 889, 890, 892, 893], "excluded_lines": []}, "run_and_update_all_bridge_rates": {"executed_lines": [901, 902, 903], "summary": {"covered_lines": 3, "num_statements": 30, "percent_covered": 10.0, "percent_covered_display": "10", "missing_lines": 27, "excluded_lines": 0}, "missing_lines": [905, 906, 909, 911, 912, 913, 914, 915, 916, 918, 919, 921, 922, 924, 925, 927, 928, 929, 930, 932, 933, 936, 938, 939, 941, 943, 944], "excluded_lines": []}, "run_and_update_all_bridge_K2N_cache": {"executed_lines": [948, 949, 951, 952, 954, 955, 1001, 1002, 1003, 1004], "summary": {"covered_lines": 10, "num_statements": 40, "percent_covered": 25.0, "percent_covered_display": "25", "missing_lines": 30, "excluded_lines": 0}, "missing_lines": [957, 958, 961, 962, 963, 965, 966, 967, 968, 969, 972, 973, 974, 976, 977, 978, 979, 980, 981, 983, 984, 987, 988, 990, 991, 992, 994, 995, 997, 999], "excluded_lines": []}, "": {"executed_lines": [1, 3, 6, 7, 23, 24, 31, 40, 41, 54, 55, 72, 73, 89, 106, 174, 251, 257, 267, 397, 473, 556, 644, 786, 899, 946], "summary": {"covered_lines": 26, "num_statements": 26, "percent_covered": 100.0, "percent_covered_display": "100", "missing_lines": 0, "excluded_lines": 29}, "missing_lines": [], "excluded_lines": [8, 9, 10, 11, 12, 13, 32, 34, 35, 36, 37, 38, 46, 48, 49, 50, 51, 62, 64, 65, 66, 67, 68, 69, 78, 79, 80, 81, 82]}}, "classes": {"": {"executed_lines": [1, 3, 6, 7, 23, 24, 31, 40, 41, 54, 55, 72, 73, 89, 90, 91, 92, 93, 94, 95, 96, 97, 98, 99, 100, 101, 102, 103, 104, 106, 110, 111, 113, 114, 115, 117, 118, 119, 120, 121, 123, 125, 126, 129, 132, 133, 134, 135, 136, 137, 138, 139, 140, 143, 144, 146, 147, 148, 153, 154, 157, 168, 174, 175, 176, 177, 178, 179, 181, 182, 184, 185, 187, 188, 191, 192, 193, 194, 196, 197, 199, 200, 202, 203, 204, 205, 207, 208, 209, 210, 211, 213, 214, 216, 221, 223, 224, 226, 227, 228, 229, 230, 231, 233, 234, 235, 236, 240, 246, 251, 257, 267, 269, 270, 397, 400, 401, 473, 476, 477, 478, 549, 550, 551, 556, 558, 560, 563, 564, 566, 567, 644, 646, 648, 651, 652, 654, 655, 786, 788, 790, 791, 899, 901, 902, 903, 946, 948, 949, 951, 952, 954, 955, 1001, 1002, 1003, 1004], "summary": {"covered_lines": 157, "num_statements": 669, "percent_covered": 23.467862481315397, "percent_covered_display": "23", "missing_lines": 512, "excluded_lines": 29}, "missing_lines": [165, 166, 189, 237, 238, 241, 242, 243, 244, 247, 248, 249, 252, 253, 258, 259, 272, 277, 279, 280, 281, 283, 284, 286, 288, 289, 290, 292, 293, 294, 295, 296, 298, 299, 300, 301, 303, 304, 306, 308, 309, 310, 311, 312, 313, 314, 315, 316, 317, 318, 320, 321, 322, 323, 324, 326, 328, 329, 330, 331, 332, 333, 334, 336, 337, 339, 340, 341, 342, 344, 345, 346, 348, 349, 350, 352, 353, 355, 356, 357, 358, 359, 360, 361, 362, 364, 365, 366, 367, 368, 370, 371, 372, 373, 374, 376, 377, 378, 379, 380, 381, 383, 384, 385, 386, 387, 388, 390, 392, 393, 395, 402, 407, 408, 410, 412, 413, 414, 415, 416, 417, 418, 419, 420, 421, 422, 423, 424, 425, 426, 427, 428, 429, 430, 431, 432, 434, 436, 437, 438, 439, 440, 441, 442, 443, 444, 445, 446, 447, 448, 450, 451, 452, 453, 454, 456, 457, 458, 459, 460, 461, 462, 463, 464, 466, 467, 469, 480, 482, 483, 485, 486, 488, 489, 490, 492, 494, 495, 496, 497, 498, 499, 500, 501, 503, 505, 507, 508, 509, 510, 512, 513, 514, 515, 517, 518, 519, 520, 521, 522, 523, 524, 526, 527, 529, 530, 532, 533, 535, 536, 538, 539, 540, 542, 543, 544, 545, 546, 548, 561, 562, 569, 570, 571, 572, 574, 576, 577, 578, 579, 580, 581, 582, 583, 585, 587, 588, 590, 591, 592, 593, 594, 595, 596, 597, 598, 599, 600, 601, 602, 604, 606, 607, 608, 609, 610, 611, 612, 613, 614, 615, 616, 617, 619, 620, 621, 622, 624, 626, 627, 628, 629, 630, 631, 632, 633, 635, 636, 638, 639, 640, 642, 649, 650, 657, 658, 659, 660, 662, 664, 665, 666, 668, 669, 671, 672, 673, 675, 676, 677, 678, 679, 681, 682, 683, 684, 686, 687, 688, 690, 692, 693, 694, 695, 696, 697, 698, 699, 700, 701, 702, 704, 705, 706, 707, 708, 710, 712, 713, 714, 715, 716, 718, 719, 721, 722, 723, 724, 725, 727, 728, 730, 731, 733, 734, 735, 737, 738, 740, 741, 743, 744, 745, 746, 747, 748, 750, 751, 752, 753, 755, 756, 757, 758, 760, 762, 763, 764, 766, 767, 768, 769, 770, 771, 772, 774, 776, 777, 779, 780, 781, 783, 793, 794, 796, 797, 799, 800, 801, 802, 803, 805, 806, 807, 809, 810, 812, 814, 815, 816, 817, 818, 819, 820, 821, 823, 830, 832, 833, 834, 836, 837, 838, 839, 841, 842, 843, 844, 845, 847, 848, 849, 851, 852, 853, 855, 856, 857, 859, 861, 863, 865, 866, 867, 868, 869, 870, 872, 873, 874, 875, 876, 878, 879, 880, 881, 882, 883, 885, 886, 888, 889, 890, 892, 893, 905, 906, 909, 911, 912, 913, 914, 915, 916, 918, 919, 921, 922, 924, 925, 927, 928, 929, 930, 932, 933, 936, 938, 939, 941, 943, 944, 957, 958, 961, 962, 963, 965, 966, 967, 968, 969, 972, 973, 974, 976, 977, 978, 979, 980, 981, 983, 984, 987, 988, 990, 991, 992, 994, 995, 997, 999], "excluded_lines": [8, 9, 10, 11, 12, 13, 32, 34, 35, 36, 37, 38, 46, 48, 49, 50, 51, 62, 64, 65, 66, 67, 68, 69, 78, 79, 80, 81, 82]}}}, "logic/bridges/bridge_factory.py": {"executed_lines": [], "summary": {"covered_lines": 0, "num_statements": 14, "percent_covered": 0.0, "percent_covered_display": "0", "missing_lines": 14, "excluded_lines": 0}, "missing_lines": [3, 4, 8, 9, 10, 14, 21, 25, 26, 28, 30, 32, 34, 38], "excluded_lines": [], "functions": {"create_bridge_strategy": {"executed_lines": [], "summary": {"covered_lines": 0, "num_statements": 5, "percent_covered": 0.0, "percent_covered_display": "0", "missing_lines": 5, "excluded_lines": 0}, "missing_lines": [25, 26, 28, 30, 32], "excluded_lines": []}, "get_available_strategies": {"executed_lines": [], "summary": {"covered_lines": 0, "num_statements": 1, "percent_covered": 0.0, "percent_covered_display": "0", "missing_lines": 1, "excluded_lines": 0}, "missing_lines": [38], "excluded_lines": []}, "": {"executed_lines": [], "summary": {"covered_lines": 0, "num_statements": 8, "percent_covered": 0.0, "percent_covered_display": "0", "missing_lines": 8, "excluded_lines": 0}, "missing_lines": [3, 4, 8, 9, 10, 14, 21, 34], "excluded_lines": []}}, "classes": {"": {"executed_lines": [], "summary": {"covered_lines": 0, "num_statements": 14, "percent_covered": 0.0, "percent_covered_display": "0", "missing_lines": 14, "excluded_lines": 0}, "missing_lines": [3, 4, 8, 9, 10, 14, 21, 25, 26, 28, 30, 32, 34, 38], "excluded_lines": []}}}, "logic/bridges/bridge_manager_core.py": {"executed_lines": [], "summary": {"covered_lines": 0, "num_statements": 180, "percent_covered": 0.0, "percent_covered_display": "0", "missing_lines": 180, "excluded_lines": 19}, "missing_lines": [1, 3, 4, 14, 15, 21, 31, 32, 37, 38, 44, 61, 63, 65, 66, 68, 69, 71, 72, 73, 74, 75, 76, 77, 78, 79, 84, 85, 86, 88, 90, 91, 92, 94, 95, 96, 97, 98, 99, 100, 101, 102, 104, 106, 107, 109, 110, 112, 114, 116, 118, 119, 121, 122, 123, 124, 130, 131, 132, 133, 135, 137, 139, 140, 142, 143, 145, 146, 147, 148, 149, 150, 151, 153, 155, 156, 157, 158, 159, 160, 161, 162, 167, 168, 169, 170, 172, 174, 175, 176, 177, 178, 179, 180, 181, 182, 183, 185, 186, 187, 188, 189, 190, 191, 199, 201, 202, 209, 210, 217, 222, 224, 225, 227, 228, 229, 232, 233, 236, 237, 238, 240, 241, 243, 244, 246, 249, 251, 252, 253, 254, 256, 257, 259, 260, 261, 262, 265, 267, 268, 269, 271, 274, 276, 277, 278, 280, 282, 283, 285, 287, 288, 289, 290, 292, 297, 299, 300, 302, 304, 305, 307, 310, 311, 313, 315, 316, 318, 321, 323, 324, 327, 328, 330, 331, 333, 335, 336, 337, 338], "excluded_lines": [5, 6, 8, 22, 24, 25, 26, 27, 28, 45, 46, 47, 48, 49, 50, 51, 52, 53, 54], "functions": {"TIM_CAU_TOT_NHAT_V16": {"executed_lines": [], "summary": {"covered_lines": 0, "num_statements": 48, "percent_covered": 0.0, "percent_covered_display": "0", "missing_lines": 48, "excluded_lines": 0}, "missing_lines": [63, 65, 66, 68, 69, 71, 72, 73, 74, 75, 76, 77, 78, 79, 84, 85, 86, 88, 90, 91, 92, 94, 95, 96, 97, 98, 99, 100, 101, 102, 104, 106, 107, 109, 110, 112, 114, 116, 118, 119, 121, 122, 123, 124, 130, 131, 132, 133], "excluded_lines": []}, "TIM_CAU_BAC_NHO_TOT_NHAT": {"executed_lines": [], "summary": {"covered_lines": 0, "num_statements": 48, "percent_covered": 0.0, "percent_covered_display": "0", "missing_lines": 48, "excluded_lines": 0}, "missing_lines": [137, 139, 140, 142, 143, 145, 146, 147, 148, 149, 150, 151, 153, 155, 156, 157, 158, 159, 160, 161, 162, 167, 168, 169, 170, 172, 174, 175, 176, 177, 178, 179, 180, 181, 182, 183, 185, 186, 187, 188, 189, 190, 191, 199, 201, 202, 209, 210], "excluded_lines": []}, "find_and_auto_manage_bridges": {"executed_lines": [], "summary": {"covered_lines": 0, "num_statements": 44, "percent_covered": 0.0, "percent_covered_display": "0", "missing_lines": 44, "excluded_lines": 0}, "missing_lines": [222, 224, 225, 227, 228, 229, 232, 233, 236, 237, 238, 240, 241, 243, 244, 246, 249, 251, 252, 253, 254, 256, 257, 259, 260, 261, 262, 265, 267, 268, 269, 271, 274, 276, 277, 278, 280, 282, 283, 285, 287, 288, 289, 290], "excluded_lines": []}, "prune_bad_bridges": {"executed_lines": [], "summary": {"covered_lines": 0, "num_statements": 25, "percent_covered": 0.0, "percent_covered_display": "0", "missing_lines": 25, "excluded_lines": 0}, "missing_lines": [297, 299, 300, 302, 304, 305, 307, 310, 311, 313, 315, 316, 318, 321, 323, 324, 327, 328, 330, 331, 333, 335, 336, 337, 338], "excluded_lines": []}, "": {"executed_lines": [], "summary": {"covered_lines": 0, "num_statements": 15, "percent_covered": 0.0, "percent_covered_display": "0", "missing_lines": 15, "excluded_lines": 19}, "missing_lines": [1, 3, 4, 14, 15, 21, 31, 32, 37, 38, 44, 61, 135, 217, 292], "excluded_lines": [5, 6, 8, 22, 24, 25, 26, 27, 28, 45, 46, 47, 48, 49, 50, 51, 52, 53, 54]}}, "classes": {"": {"executed_lines": [], "summary": {"covered_lines": 0, "num_statements": 180, "percent_covered": 0.0, "percent_covered_display": "0", "missing_lines": 180, "excluded_lines": 19}, "missing_lines": [1, 3, 4, 14, 15, 21, 31, 32, 37, 38, 44, 61, 63, 65, 66, 68, 69, 71, 72, 73, 74, 75, 76, 77, 78, 79, 84, 85, 86, 88, 90, 91, 92, 94, 95, 96, 97, 98, 99, 100, 101, 102, 104, 106, 107, 109, 110, 112, 114, 116, 118, 119, 121, 122, 123, 124, 130, 131, 132, 133, 135, 137, 139, 140, 142, 143, 145, 146, 147, 148, 149, 150, 151, 153, 155, 156, 157, 158, 159, 160, 161, 162, 167, 168, 169, 170, 172, 174, 175, 176, 177, 178, 179, 180, 181, 182, 183, 185, 186, 187, 188, 189, 190, 191, 199, 201, 202, 209, 210, 217, 222, 224, 225, 227, 228, 229, 232, 233, 236, 237, 238, 240, 241, 243, 244, 246, 249, 251, 252, 253, 254, 256, 257, 259, 260, 261, 262, 265, 267, 268, 269, 271, 274, 276, 277, 278, 280, 282, 283, 285, 287, 288, 289, 290, 292, 297, 299, 300, 302, 304, 305, 307, 310, 311, 313, 315, 316, 318, 321, 323, 324, 327, 328, 330, 331, 333, 335, 336, 337, 338], "excluded_lines": [5, 6, 8, 22, 24, 25, 26, 27, 28, 45, 46, 47, 48, 49, 50, 51, 52, 53, 54]}}}, "logic/bridges/bridges_classic.py": {"executed_lines": [5, 10, 11, 13, 14, 15, 16, 17, 18, 19, 21, 22, 23, 25, 26, 27, 28, 29, 30, 31, 32, 33, 37, 39, 40, 41, 42, 43, 44, 45, 46, 47, 53, 62, 71, 78, 85, 93, 101, 110, 119, 126, 135, 144, 153, 162, 171, 180, 192], "summary": {"covered_lines": 49, "num_statements": 157, "percent_covered": 31.21019108280255, "percent_covered_display": "31", "missing_lines": 108, "excluded_lines": 0}, "missing_lines": [34, 35, 36, 54, 55, 56, 57, 58, 59, 60, 63, 64, 65, 66, 67, 68, 69, 72, 73, 74, 75, 76, 79, 80, 81, 82, 83, 86, 87, 88, 89, 90, 91, 94, 95, 96, 97, 98, 99, 102, 103, 104, 105, 106, 107, 108, 111, 112, 113, 114, 115, 116, 117, 120, 121, 122, 123, 124, 127, 128, 129, 130, 131, 132, 133, 136, 137, 138, 139, 140, 141, 142, 145, 146, 147, 148, 149, 150, 151, 154, 155, 156, 157, 158, 159, 160, 163, 164, 165, 166, 167, 168, 169, 172, 173, 174, 175, 176, 177, 178, 193, 194, 195, 196, 197, 198, 199, 200], "excluded_lines": [], "functions": {"getBongDuong_V30": {"executed_lines": [11], "summary": {"covered_lines": 1, "num_statements": 1, "percent_covered": 100.0, "percent_covered_display": "100", "missing_lines": 0, "excluded_lines": 0}, "missing_lines": [], "excluded_lines": []}, "taoSTL_V30_Bong": {"executed_lines": [14, 15, 16, 17, 18, 19, 21, 22, 23], "summary": {"covered_lines": 9, "num_statements": 9, "percent_covered": 100.0, "percent_covered_display": "100", "missing_lines": 0, "excluded_lines": 0}, "missing_lines": [], "excluded_lines": []}, "getAllLoto_V30": {"executed_lines": [26, 27, 28, 29, 30, 31, 32, 33, 37], "summary": {"covered_lines": 9, "num_statements": 12, "percent_covered": 75.0, "percent_covered_display": "75", "missing_lines": 3, "excluded_lines": 0}, "missing_lines": [34, 35, 36], "excluded_lines": []}, "checkHitSet_V30_K2N": {"executed_lines": [40, 41, 42, 43, 44, 45, 46, 47], "summary": {"covered_lines": 8, "num_statements": 8, "percent_covered": 100.0, "percent_covered_display": "100", "missing_lines": 0, "excluded_lines": 0}, "missing_lines": [], "excluded_lines": []}, "getCau1_STL_P5_V30_V5": {"executed_lines": [], "summary": {"covered_lines": 0, "num_statements": 7, "percent_covered": 0.0, "percent_covered_display": "0", "missing_lines": 7, "excluded_lines": 0}, "missing_lines": [54, 55, 56, 57, 58, 59, 60], "excluded_lines": []}, "getCau2_VT1_V30_V5": {"executed_lines": [], "summary": {"covered_lines": 0, "num_statements": 7, "percent_covered": 0.0, "percent_covered_display": "0", "missing_lines": 7, "excluded_lines": 0}, "missing_lines": [63, 64, 65, 66, 67, 68, 69], "excluded_lines": []}, "getCau3_VT2_V30_V5": {"executed_lines": [], "summary": {"covered_lines": 0, "num_statements": 5, "percent_covered": 0.0, "percent_covered_display": "0", "missing_lines": 5, "excluded_lines": 0}, "missing_lines": [72, 73, 74, 75, 76], "excluded_lines": []}, "getCau4_VT3_V30_V5": {"executed_lines": [], "summary": {"covered_lines": 0, "num_statements": 5, "percent_covered": 0.0, "percent_covered_display": "0", "missing_lines": 5, "excluded_lines": 0}, "missing_lines": [79, 80, 81, 82, 83], "excluded_lines": []}, "getCau5_TDB1_V30_V5": {"executed_lines": [], "summary": {"covered_lines": 0, "num_statements": 6, "percent_covered": 0.0, "percent_covered_display": "0", "missing_lines": 6, "excluded_lines": 0}, "missing_lines": [86, 87, 88, 89, 90, 91], "excluded_lines": []}, "getCau6_VT5_V30_V5": {"executed_lines": [], "summary": {"covered_lines": 0, "num_statements": 6, "percent_covered": 0.0, "percent_covered_display": "0", "missing_lines": 6, "excluded_lines": 0}, "missing_lines": [94, 95, 96, 97, 98, 99], "excluded_lines": []}, "getCau7_Moi1_V30_V5": {"executed_lines": [], "summary": {"covered_lines": 0, "num_statements": 7, "percent_covered": 0.0, "percent_covered_display": "0", "missing_lines": 7, "excluded_lines": 0}, "missing_lines": [102, 103, 104, 105, 106, 107, 108], "excluded_lines": []}, "getCau8_Moi2_V30_V5": {"executed_lines": [], "summary": {"covered_lines": 0, "num_statements": 7, "percent_covered": 0.0, "percent_covered_display": "0", "missing_lines": 7, "excluded_lines": 0}, "missing_lines": [111, 112, 113, 114, 115, 116, 117], "excluded_lines": []}, "getCau9_Moi3_V30_V5": {"executed_lines": [], "summary": {"covered_lines": 0, "num_statements": 5, "percent_covered": 0.0, "percent_covered_display": "0", "missing_lines": 5, "excluded_lines": 0}, "missing_lines": [120, 121, 122, 123, 124], "excluded_lines": []}, "getCau10_Moi4_V30_V5": {"executed_lines": [], "summary": {"covered_lines": 0, "num_statements": 7, "percent_covered": 0.0, "percent_covered_display": "0", "missing_lines": 7, "excluded_lines": 0}, "missing_lines": [127, 128, 129, 130, 131, 132, 133], "excluded_lines": []}, "getCau11_Moi5_V30_V5": {"executed_lines": [], "summary": {"covered_lines": 0, "num_statements": 7, "percent_covered": 0.0, "percent_covered_display": "0", "missing_lines": 7, "excluded_lines": 0}, "missing_lines": [136, 137, 138, 139, 140, 141, 142], "excluded_lines": []}, "getCau12_Moi6_V30_V5": {"executed_lines": [], "summary": {"covered_lines": 0, "num_statements": 7, "percent_covered": 0.0, "percent_covered_display": "0", "missing_lines": 7, "excluded_lines": 0}, "missing_lines": [145, 146, 147, 148, 149, 150, 151], "excluded_lines": []}, "getCau13_G7_3_P8_V30_V5": {"executed_lines": [], "summary": {"covered_lines": 0, "num_statements": 7, "percent_covered": 0.0, "percent_covered_display": "0", "missing_lines": 7, "excluded_lines": 0}, "missing_lines": [154, 155, 156, 157, 158, 159, 160], "excluded_lines": []}, "getCau14_G1_P2_V30_V5": {"executed_lines": [], "summary": {"covered_lines": 0, "num_statements": 7, "percent_covered": 0.0, "percent_covered_display": "0", "missing_lines": 7, "excluded_lines": 0}, "missing_lines": [163, 164, 165, 166, 167, 168, 169], "excluded_lines": []}, "getCau15_DE_P7_V30_V5": {"executed_lines": [], "summary": {"covered_lines": 0, "num_statements": 7, "percent_covered": 0.0, "percent_covered_display": "0", "missing_lines": 7, "excluded_lines": 0}, "missing_lines": [172, 173, 174, 175, 176, 177, 178], "excluded_lines": []}, "calculate_loto_stats": {"executed_lines": [], "summary": {"covered_lines": 0, "num_statements": 8, "percent_covered": 0.0, "percent_covered_display": "0", "missing_lines": 8, "excluded_lines": 0}, "missing_lines": [193, 194, 195, 196, 197, 198, 199, 200], "excluded_lines": []}, "": {"executed_lines": [5, 10, 13, 25, 39, 53, 62, 71, 78, 85, 93, 101, 110, 119, 126, 135, 144, 153, 162, 171, 180, 192], "summary": {"covered_lines": 22, "num_statements": 22, "percent_covered": 100.0, "percent_covered_display": "100", "missing_lines": 0, "excluded_lines": 0}, "missing_lines": [], "excluded_lines": []}}, "classes": {"": {"executed_lines": [5, 10, 11, 13, 14, 15, 16, 17, 18, 19, 21, 22, 23, 25, 26, 27, 28, 29, 30, 31, 32, 33, 37, 39, 40, 41, 42, 43, 44, 45, 46, 47, 53, 62, 71, 78, 85, 93, 101, 110, 119, 126, 135, 144, 153, 162, 171, 180, 192], "summary": {"covered_lines": 49, "num_statements": 157, "percent_covered": 31.21019108280255, "percent_covered_display": "31", "missing_lines": 108, "excluded_lines": 0}, "missing_lines": [34, 35, 36, 54, 55, 56, 57, 58, 59, 60, 63, 64, 65, 66, 67, 68, 69, 72, 73, 74, 75, 76, 79, 80, 81, 82, 83, 86, 87, 88, 89, 90, 91, 94, 95, 96, 97, 98, 99, 102, 103, 104, 105, 106, 107, 108, 111, 112, 113, 114, 115, 116, 117, 120, 121, 122, 123, 124, 127, 128, 129, 130, 131, 132, 133, 136, 137, 138, 139, 140, 141, 142, 145, 146, 147, 148, 149, 150, 151, 154, 155, 156, 157, 158, 159, 160, 163, 164, 165, 166, 167, 168, 169, 172, 173, 174, 175, 176, 177, 178, 193, 194, 195, 196, 197, 198, 199, 200], "excluded_lines": []}}}, "logic/bridges/bridges_memory.py": {"executed_lines": [4, 5, 14, 24, 28, 33, 34, 36, 38, 41, 42, 43, 46, 47, 48, 51, 52, 53, 56, 57, 58, 61, 62, 63, 66, 67, 68, 70, 80, 85, 86, 87, 88, 90, 92, 93, 95, 99, 103, 106, 111, 112, 113], "summary": {"covered_lines": 43, "num_statements": 49, "percent_covered": 87.75510204081633, "percent_covered_display": "88", "missing_lines": 6, "excluded_lines": 2}, "missing_lines": [26, 72, 73, 74, 97, 109], "excluded_lines": [6, 7], "functions": {"get_27_loto_names": {"executed_lines": [], "summary": {"covered_lines": 0, "num_statements": 1, "percent_covered": 0.0, "percent_covered_display": "0", "missing_lines": 1, "excluded_lines": 0}, "missing_lines": [26], "excluded_lines": []}, "get_27_loto_positions": {"executed_lines": [33, 34, 36, 38, 41, 42, 43, 46, 47, 48, 51, 52, 53, 56, 57, 58, 61, 62, 63, 66, 67, 68, 70], "summary": {"covered_lines": 23, "num_statements": 26, "percent_covered": 88.46153846153847, "percent_covered_display": "88", "missing_lines": 3, "excluded_lines": 0}, "missing_lines": [72, 73, 74], "excluded_lines": []}, "calculate_bridge_stl": {"executed_lines": [85, 86, 87, 88, 90, 92, 93, 95, 99, 103, 106, 111, 112, 113], "summary": {"covered_lines": 14, "num_statements": 16, "percent_covered": 87.5, "percent_covered_display": "88", "missing_lines": 2, "excluded_lines": 0}, "missing_lines": [97, 109], "excluded_lines": []}, "": {"executed_lines": [4, 5, 14, 24, 28, 80], "summary": {"covered_lines": 6, "num_statements": 6, "percent_covered": 100.0, "percent_covered_display": "100", "missing_lines": 0, "excluded_lines": 2}, "missing_lines": [], "excluded_lines": [6, 7]}}, "classes": {"": {"executed_lines": [4, 5, 14, 24, 28, 33, 34, 36, 38, 41, 42, 43, 46, 47, 48, 51, 52, 53, 56, 57, 58, 61, 62, 63, 66, 67, 68, 70, 80, 85, 86, 87, 88, 90, 92, 93, 95, 99, 103, 106, 111, 112, 113], "summary": {"covered_lines": 43, "num_statements": 49, "percent_covered": 87.75510204081633, "percent_covered_display": "88", "missing_lines": 6, "excluded_lines": 2}, "missing_lines": [26, 72, 73, 74, 97, 109], "excluded_lines": [6, 7]}}}, "logic/bridges/bridges_v16.py": {"executed_lines": [1, 4, 6, 21, 22, 23, 25, 26, 27, 28, 29, 30, 31, 32, 33, 34, 35, 36, 37, 38, 39, 40, 41, 42, 43, 44, 45, 46, 47, 48, 53, 65, 127, 132, 135, 136, 137, 138, 140, 142, 143, 148, 149, 151], "summary": {"covered_lines": 44, "num_statements": 104, "percent_covered": 42.30769230769231, "percent_covered_display": "42", "missing_lines": 60, "excluded_lines": 8}, "missing_lines": [49, 50, 51, 54, 55, 56, 57, 58, 59, 60, 61, 62, 63, 70, 71, 74, 75, 77, 80, 81, 82, 83, 85, 86, 88, 89, 90, 92, 93, 94, 95, 96, 97, 98, 99, 100, 101, 102, 103, 104, 105, 106, 107, 109, 110, 111, 114, 115, 117, 119, 120, 121, 144, 145, 155, 157, 159, 162, 163, 164], "excluded_lines": [7, 9, 10, 11, 12, 13, 14, 15], "functions": {"getDigits_V16": {"executed_lines": [22, 23], "summary": {"covered_lines": 2, "num_statements": 2, "percent_covered": 100.0, "percent_covered_display": "100", "missing_lines": 0, "excluded_lines": 0}, "missing_lines": [], "excluded_lines": []}, "getAllPositions_V16": {"executed_lines": [26, 27, 28, 29, 30, 31, 32, 33, 34, 35, 36, 37, 38, 39, 40, 41, 42, 43, 44, 45, 46, 47, 48], "summary": {"covered_lines": 23, "num_statements": 26, "percent_covered": 88.46153846153847, "percent_covered_display": "88", "missing_lines": 3, "excluded_lines": 0}, "missing_lines": [49, 50, 51], "excluded_lines": []}, "getPositionName_V16": {"executed_lines": [], "summary": {"covered_lines": 0, "num_statements": 10, "percent_covered": 0.0, "percent_covered_display": "0", "missing_lines": 10, "excluded_lines": 0}, "missing_lines": [54, 55, 56, 57, 58, 59, 60, 61, 62, 63], "excluded_lines": []}, "get_index_from_name_V16": {"executed_lines": [], "summary": {"covered_lines": 0, "num_statements": 39, "percent_covered": 0.0, "percent_covered_display": "0", "missing_lines": 39, "excluded_lines": 0}, "missing_lines": [70, 71, 74, 75, 77, 80, 81, 82, 83, 85, 86, 88, 89, 90, 92, 93, 94, 95, 96, 97, 98, 99, 100, 101, 102, 103, 104, 105, 106, 107, 109, 110, 111, 114, 115, 117, 119, 120, 121], "excluded_lines": []}, "getAllPositions_V17_Shadow": {"executed_lines": [132, 135, 136, 137, 138, 140, 142, 143, 148, 149], "summary": {"covered_lines": 10, "num_statements": 12, "percent_covered": 83.33333333333333, "percent_covered_display": "83", "missing_lines": 2, "excluded_lines": 0}, "missing_lines": [144, 145], "excluded_lines": []}, "getPositionName_V17_Shadow": {"executed_lines": [], "summary": {"covered_lines": 0, "num_statements": 6, "percent_covered": 0.0, "percent_covered_display": "0", "missing_lines": 6, "excluded_lines": 0}, "missing_lines": [155, 157, 159, 162, 163, 164], "excluded_lines": []}, "": {"executed_lines": [1, 4, 6, 21, 25, 53, 65, 127, 151], "summary": {"covered_lines": 9, "num_statements": 9, "percent_covered": 100.0, "percent_covered_display": "100", "missing_lines": 0, "excluded_lines": 8}, "missing_lines": [], "excluded_lines": [7, 9, 10, 11, 12, 13, 14, 15]}}, "classes": {"": {"executed_lines": [1, 4, 6, 21, 22, 23, 25, 26, 27, 28, 29, 30, 31, 32, 33, 34, 35, 36, 37, 38, 39, 40, 41, 42, 43, 44, 45, 46, 47, 48, 53, 65, 127, 132, 135, 136, 137, 138, 140, 142, 143, 148, 149, 151], "summary": {"covered_lines": 44, "num_statements": 104, "percent_covered": 42.30769230769231, "percent_covered_display": "42", "missing_lines": 60, "excluded_lines": 8}, "missing_lines": [49, 50, 51, 54, 55, 56, 57, 58, 59, 60, 61, 62, 63, 70, 71, 74, 75, 77, 80, 81, 82, 83, 85, 86, 88, 89, 90, 92, 93, 94, 95, 96, 97, 98, 99, 100, 101, 102, 103, 104, 105, 106, 107, 109, 110, 111, 114, 115, 117, 119, 120, 121, 144, 145, 155, 157, 159, 162, 163, 164], "excluded_lines": [7, 9, 10, 11, 12, 13, 14, 15]}}}, "logic/bridges/i_bridge_strategy.py": {"executed_lines": [], "summary": {"covered_lines": 0, "num_statements": 16, "percent_covered": 0.0, "percent_covered_display": "0", "missing_lines": 16, "excluded_lines": 0}, "missing_lines": [3, 4, 6, 12, 17, 18, 20, 21, 25, 27, 28, 32, 34, 35, 36, 40], "excluded_lines": [], "functions": {"IBridgeStrategy.__init__": {"executed_lines": [], "summary": {"covered_lines": 0, "num_statements": 2, "percent_covered": 0.0, "percent_covered_display": "0", "missing_lines": 2, "excluded_lines": 0}, "missing_lines": [17, 18], "excluded_lines": []}, "IBridgeStrategy.analyze": {"executed_lines": [], "summary": {"covered_lines": 0, "num_statements": 1, "percent_covered": 0.0, "percent_covered_display": "0", "missing_lines": 1, "excluded_lines": 0}, "missing_lines": [25], "excluded_lines": []}, "IBridgeStrategy.get_info": {"executed_lines": [], "summary": {"covered_lines": 0, "num_statements": 1, "percent_covered": 0.0, "percent_covered_display": "0", "missing_lines": 1, "excluded_lines": 0}, "missing_lines": [32], "excluded_lines": []}, "IBridgeStrategy.STRATEGY_KEY": {"executed_lines": [], "summary": {"covered_lines": 0, "num_statements": 1, "percent_covered": 0.0, "percent_covered_display": "0", "missing_lines": 1, "excluded_lines": 0}, "missing_lines": [40], "excluded_lines": []}, "": {"executed_lines": [], "summary": {"covered_lines": 0, "num_statements": 11, "percent_covered": 0.0, "percent_covered_display": "0", "missing_lines": 11, "excluded_lines": 0}, "missing_lines": [3, 4, 6, 12, 20, 21, 27, 28, 34, 35, 36], "excluded_lines": []}}, "classes": {"IBridgeStrategy": {"executed_lines": [], "summary": {"covered_lines": 0, "num_statements": 5, "percent_covered": 0.0, "percent_covered_display": "0", "missing_lines": 5, "excluded_lines": 0}, "missing_lines": [17, 18, 25, 32, 40], "excluded_lines": []}, "": {"executed_lines": [], "summary": {"covered_lines": 0, "num_statements": 11, "percent_covered": 0.0, "percent_covered_display": "0", "missing_lines": 11, "excluded_lines": 0}, "missing_lines": [3, 4, 6, 12, 20, 21, 27, 28, 34, 35, 36], "excluded_lines": []}}}, "logic/cache_manager.py": {"executed_lines": [1, 8, 9, 10, 11, 12, 13, 14, 18, 19, 22, 24, 25, 26, 29, 42, 43, 44, 46, 47, 50, 52, 53, 54, 55, 56, 62, 65, 66, 67, 71, 73, 75, 78, 85, 86, 87, 88, 89, 93, 94, 95, 100, 106, 107, 109, 117, 126, 127, 130, 137, 138, 139, 140, 145, 154, 156, 158, 159, 160, 161, 162, 166, 170, 172, 174, 175, 176, 178, 187, 190], "summary": {"covered_lines": 69, "num_statements": 85, "percent_covered": 81.17647058823529, "percent_covered_display": "81", "missing_lines": 16, "excluded_lines": 15}, "missing_lines": [57, 58, 68, 69, 90, 91, 96, 97, 141, 142, 163, 164, 179, 180, 182, 183], "excluded_lines": [190, 192, 193, 195, 196, 197, 198, 201, 202, 205, 206, 209, 210, 213, 214], "functions": {"get_cache_key": {"executed_lines": [24, 25, 26], "summary": {"covered_lines": 3, "num_statements": 3, "percent_covered": 100.0, "percent_covered_display": "100", "missing_lines": 0, "excluded_lines": 0}, "missing_lines": [], "excluded_lines": []}, "disk_cache": {"executed_lines": [42, 43, 75], "summary": {"covered_lines": 3, "num_statements": 3, "percent_covered": 100.0, "percent_covered_display": "100", "missing_lines": 0, "excluded_lines": 0}, "missing_lines": [], "excluded_lines": []}, "disk_cache.decorator": {"executed_lines": [44, 73], "summary": {"covered_lines": 2, "num_statements": 2, "percent_covered": 100.0, "percent_covered_display": "100", "missing_lines": 0, "excluded_lines": 0}, "missing_lines": [], "excluded_lines": []}, "disk_cache.decorator.wrapper": {"executed_lines": [46, 47, 50, 52, 53, 54, 55, 56, 62, 65, 66, 67, 71], "summary": {"covered_lines": 13, "num_statements": 17, "percent_covered": 76.47058823529412, "percent_covered_display": "76", "missing_lines": 4, "excluded_lines": 0}, "missing_lines": [57, 58, 68, 69], "excluded_lines": []}, "clear_cache": {"executed_lines": [85, 86, 87, 88, 89, 93, 94, 95], "summary": {"covered_lines": 8, "num_statements": 12, "percent_covered": 66.66666666666667, "percent_covered_display": "67", "missing_lines": 4, "excluded_lines": 0}, "missing_lines": [90, 91, 96, 97], "excluded_lines": []}, "get_cache_stats": {"executed_lines": [106, 107, 109], "summary": {"covered_lines": 3, "num_statements": 3, "percent_covered": 100.0, "percent_covered_display": "100", "missing_lines": 0, "excluded_lines": 0}, "missing_lines": [], "excluded_lines": []}, "get_daily_predictions_cache_key": {"executed_lines": [126, 127], "summary": {"covered_lines": 2, "num_statements": 2, "percent_covered": 100.0, "percent_covered_display": "100", "missing_lines": 0, "excluded_lines": 0}, "missing_lines": [], "excluded_lines": []}, "save_daily_predictions": {"executed_lines": [137, 138, 139, 140], "summary": {"covered_lines": 4, "num_statements": 6, "percent_covered": 66.66666666666667, "percent_covered_display": "67", "missing_lines": 2, "excluded_lines": 0}, "missing_lines": [141, 142], "excluded_lines": []}, "load_daily_predictions": {"executed_lines": [154, 156, 158, 159, 160, 161, 162, 166], "summary": {"covered_lines": 8, "num_statements": 10, "percent_covered": 80.0, "percent_covered_display": "80", "missing_lines": 2, "excluded_lines": 0}, "missing_lines": [163, 164], "excluded_lines": []}, "ensure_cache_in_gitignore": {"executed_lines": [172, 174, 175, 176, 178], "summary": {"covered_lines": 5, "num_statements": 9, "percent_covered": 55.55555555555556, "percent_covered_display": "56", "missing_lines": 4, "excluded_lines": 0}, "missing_lines": [179, 180, 182, 183], "excluded_lines": []}, "test_function": {"executed_lines": [], "summary": {"covered_lines": 0, "num_statements": 0, "percent_covered": 100.0, "percent_covered_display": "100", "missing_lines": 0, "excluded_lines": 2}, "missing_lines": [], "excluded_lines": [197, 198]}, "": {"executed_lines": [1, 8, 9, 10, 11, 12, 13, 14, 18, 19, 22, 29, 78, 100, 117, 130, 145, 170, 187, 190], "summary": {"covered_lines": 18, "num_statements": 18, "percent_covered": 100.0, "percent_covered_display": "100", "missing_lines": 0, "excluded_lines": 13}, "missing_lines": [], "excluded_lines": [190, 192, 193, 195, 196, 201, 202, 205, 206, 209, 210, 213, 214]}}, "classes": {"": {"executed_lines": [1, 8, 9, 10, 11, 12, 13, 14, 18, 19, 22, 24, 25, 26, 29, 42, 43, 44, 46, 47, 50, 52, 53, 54, 55, 56, 62, 65, 66, 67, 71, 73, 75, 78, 85, 86, 87, 88, 89, 93, 94, 95, 100, 106, 107, 109, 117, 126, 127, 130, 137, 138, 139, 140, 145, 154, 156, 158, 159, 160, 161, 162, 166, 170, 172, 174, 175, 176, 178, 187, 190], "summary": {"covered_lines": 69, "num_statements": 85, "percent_covered": 81.17647058823529, "percent_covered_display": "81", "missing_lines": 16, "excluded_lines": 15}, "missing_lines": [57, 58, 68, 69, 90, 91, 96, 97, 141, 142, 163, 164, 179, 180, 182, 183], "excluded_lines": [190, 192, 193, 195, 196, 197, 198, 201, 202, 205, 206, 209, 210, 213, 214]}}}, "logic/config_manager.py": {"executed_lines": [1, 2, 3, 5, 7, 8, 12, 14, 31, 33, 35, 36, 37, 38, 39, 42, 43, 45, 55, 58, 61, 91, 93, 94, 95, 96, 97, 98, 99, 100, 101, 102, 103, 104, 105, 107, 125, 149, 150, 151], "summary": {"covered_lines": 39, "num_statements": 77, "percent_covered": 50.64935064935065, "percent_covered_display": "51", "missing_lines": 38, "excluded_lines": 0}, "missing_lines": [47, 48, 50, 51, 52, 59, 63, 64, 79, 80, 82, 83, 84, 86, 87, 88, 89, 109, 127, 128, 130, 131, 132, 133, 134, 135, 136, 138, 139, 140, 141, 142, 143, 144, 146, 152, 153, 155], "excluded_lines": [], "functions": {"AppSettings.__init__": {"executed_lines": [14, 31], "summary": {"covered_lines": 2, "num_statements": 2, "percent_covered": 100.0, "percent_covered_display": "100", "missing_lines": 0, "excluded_lines": 0}, "missing_lines": [], "excluded_lines": []}, "AppSettings.load_settings": {"executed_lines": [35, 36, 37, 38, 39, 42, 43, 45, 55, 58], "summary": {"covered_lines": 10, "num_statements": 16, "percent_covered": 62.5, "percent_covered_display": "62", "missing_lines": 6, "excluded_lines": 0}, "missing_lines": [47, 48, 50, 51, 52, 59], "excluded_lines": []}, "AppSettings.save_settings": {"executed_lines": [], "summary": {"covered_lines": 0, "num_statements": 11, "percent_covered": 0.0, "percent_covered_display": "0", "missing_lines": 11, "excluded_lines": 0}, "missing_lines": [63, 64, 79, 80, 82, 83, 84, 86, 87, 88, 89], "excluded_lines": []}, "AppSettings._update_class_attributes": {"executed_lines": [93, 94, 95, 96, 97, 98, 99, 100, 101, 102, 103, 104, 105], "summary": {"covered_lines": 13, "num_statements": 13, "percent_covered": 100.0, "percent_covered_display": "100", "missing_lines": 0, "excluded_lines": 0}, "missing_lines": [], "excluded_lines": []}, "AppSettings.get_all_settings": {"executed_lines": [], "summary": {"covered_lines": 0, "num_statements": 1, "percent_covered": 0.0, "percent_covered_display": "0", "missing_lines": 1, "excluded_lines": 0}, "missing_lines": [109], "excluded_lines": []}, "AppSettings.update_setting": {"executed_lines": [], "summary": {"covered_lines": 0, "num_statements": 17, "percent_covered": 0.0, "percent_covered_display": "0", "missing_lines": 17, "excluded_lines": 0}, "missing_lines": [127, 128, 130, 131, 132, 133, 134, 135, 136, 138, 139, 140, 141, 142, 143, 144, 146], "excluded_lines": []}, "": {"executed_lines": [1, 2, 3, 5, 7, 8, 12, 33, 61, 91, 107, 125, 149, 150, 151], "summary": {"covered_lines": 14, "num_statements": 17, "percent_covered": 82.3529411764706, "percent_covered_display": "82", "missing_lines": 3, "excluded_lines": 0}, "missing_lines": [152, 153, 155], "excluded_lines": []}}, "classes": {"AppSettings": {"executed_lines": [14, 31, 35, 36, 37, 38, 39, 42, 43, 45, 55, 58, 93, 94, 95, 96, 97, 98, 99, 100, 101, 102, 103, 104, 105], "summary": {"covered_lines": 25, "num_statements": 60, "percent_covered": 41.666666666666664, "percent_covered_display": "42", "missing_lines": 35, "excluded_lines": 0}, "missing_lines": [47, 48, 50, 51, 52, 59, 63, 64, 79, 80, 82, 83, 84, 86, 87, 88, 89, 109, 127, 128, 130, 131, 132, 133, 134, 135, 136, 138, 139, 140, 141, 142, 143, 144, 146], "excluded_lines": []}, "": {"executed_lines": [1, 2, 3, 5, 7, 8, 12, 33, 61, 91, 107, 125, 149, 150, 151], "summary": {"covered_lines": 14, "num_statements": 17, "percent_covered": 82.3529411764706, "percent_covered_display": "82", "missing_lines": 3, "excluded_lines": 0}, "missing_lines": [152, 153, 155], "excluded_lines": []}}}, "logic/dashboard_analytics.py": {"executed_lines": [1, 2, 3, 4, 7, 8, 20, 21, 33, 34, 39, 43, 49, 50, 51, 73, 75, 77, 78, 80, 81, 83, 86, 88, 89, 91, 92, 93, 94, 95, 97, 98, 100, 101, 102, 103, 105, 111, 113, 114, 116, 117, 119, 120, 122, 124, 125, 126, 127, 128, 130, 132, 133, 135, 136, 138, 139, 140, 141, 142, 143, 144, 146, 147, 151, 153, 156, 158, 159, 161, 162, 163, 165, 167, 169, 170, 172, 255, 257, 258, 259, 260, 263, 266, 267, 268, 270, 272, 273, 274, 276, 280, 282, 283, 284, 286, 287, 288, 290, 291, 292, 293, 297, 298, 299, 300, 301, 303, 304, 306, 307, 308, 310, 313, 315, 316, 318, 319, 320, 321, 323, 324, 325, 326, 327, 329, 331, 332, 334, 338, 340, 342, 350, 356, 358, 359, 360, 362, 363, 366, 375, 376, 391, 401, 548, 602, 642], "summary": {"covered_lines": 147, "num_statements": 390, "percent_covered": 37.69230769230769, "percent_covered_display": "38", "missing_lines": 243, "excluded_lines": 25}, "missing_lines": [84, 107, 108, 109, 148, 149, 154, 174, 175, 177, 178, 179, 180, 181, 183, 185, 186, 187, 188, 190, 191, 192, 193, 194, 195, 196, 201, 202, 204, 206, 207, 208, 210, 211, 212, 213, 214, 216, 217, 219, 220, 221, 222, 224, 226, 228, 229, 231, 232, 233, 235, 236, 238, 239, 241, 243, 249, 294, 295, 347, 348, 352, 353, 354, 367, 368, 369, 370, 371, 372, 377, 378, 379, 380, 381, 382, 384, 385, 387, 388, 389, 393, 394, 395, 406, 407, 410, 411, 413, 415, 416, 417, 418, 421, 422, 427, 428, 429, 430, 431, 434, 435, 436, 437, 438, 439, 440, 443, 444, 445, 446, 447, 449, 450, 451, 454, 455, 456, 457, 458, 459, 460, 464, 465, 468, 469, 470, 473, 474, 475, 476, 477, 478, 481, 482, 483, 484, 486, 487, 489, 493, 494, 495, 496, 497, 499, 501, 502, 503, 505, 506, 508, 509, 511, 514, 516, 517, 518, 519, 520, 524, 525, 526, 534, 536, 538, 539, 540, 541, 542, 550, 552, 553, 554, 555, 558, 559, 560, 561, 562, 563, 564, 565, 566, 567, 568, 571, 572, 573, 574, 575, 576, 577, 578, 579, 581, 582, 583, 585, 586, 587, 588, 589, 590, 591, 593, 594, 595, 596, 597, 599, 600, 604, 607, 612, 615, 617, 620, 621, 622, 624, 625, 629, 631, 632, 637, 638, 640, 646, 647, 649, 650, 653, 654, 655, 660, 663, 668, 671, 674, 677, 680, 690], "excluded_lines": [9, 10, 12, 22, 23, 24, 25, 27, 28, 29, 30, 53, 54, 55, 56, 57, 58, 59, 60, 61, 62, 63, 64, 65, 66], "functions": {"get_loto_stats_last_n_days": {"executed_lines": [75, 77, 78, 80, 81, 83, 86, 88, 89, 91, 92, 93, 94, 95, 97, 98, 100, 101, 102, 103, 105], "summary": {"covered_lines": 21, "num_statements": 25, "percent_covered": 84.0, "percent_covered_display": "84", "missing_lines": 4, "excluded_lines": 0}, "missing_lines": [84, 107, 108, 109], "excluded_lines": []}, "get_loto_gan_stats": {"executed_lines": [113, 114, 116, 117, 119, 120, 122, 124, 125, 126, 127, 128, 130, 132, 133, 135, 136, 138, 139, 140, 141, 142, 143, 144, 146, 147, 151, 153, 156, 158, 159, 161, 162, 163], "summary": {"covered_lines": 34, "num_statements": 37, "percent_covered": 91.89189189189189, "percent_covered_display": "92", "missing_lines": 3, "excluded_lines": 0}, "missing_lines": [148, 149, 154], "excluded_lines": []}, "get_top_memory_bridge_predictions": {"executed_lines": [167, 169, 172], "summary": {"covered_lines": 3, "num_statements": 53, "percent_covered": 5.660377358490566, "percent_covered_display": "6", "missing_lines": 50, "excluded_lines": 0}, "missing_lines": [174, 175, 177, 178, 179, 180, 181, 183, 185, 186, 187, 188, 190, 191, 192, 193, 194, 195, 196, 201, 202, 204, 206, 207, 208, 210, 211, 212, 213, 214, 216, 217, 219, 220, 221, 222, 224, 226, 228, 229, 231, 232, 233, 235, 236, 238, 239, 241, 243, 249], "excluded_lines": []}, "get_top_memory_bridge_predictions._validate_data": {"executed_lines": [170], "summary": {"covered_lines": 1, "num_statements": 1, "percent_covered": 100.0, "percent_covered_display": "100", "missing_lines": 0, "excluded_lines": 0}, "missing_lines": [], "excluded_lines": []}, "_standardize_pair": {"executed_lines": [257, 258, 259, 260], "summary": {"covered_lines": 4, "num_statements": 4, "percent_covered": 100.0, "percent_covered_display": "100", "missing_lines": 0, "excluded_lines": 0}, "missing_lines": [], "excluded_lines": []}, "get_prediction_consensus": {"executed_lines": [266, 267, 268, 270, 272, 273, 274, 276, 280, 282, 283, 284, 286, 287, 288, 290, 291, 292, 293, 297, 298, 299, 300, 301, 303, 304, 306, 307, 308], "summary": {"covered_lines": 29, "num_statements": 31, "percent_covered": 93.54838709677419, "percent_covered_display": "94", "missing_lines": 2, "excluded_lines": 0}, "missing_lines": [294, 295], "excluded_lines": []}, "get_high_win_rate_predictions": {"executed_lines": [313, 315, 316, 318, 319, 320, 321, 323, 324, 325, 326, 327, 329, 331, 332, 334, 338, 340, 342, 350], "summary": {"covered_lines": 20, "num_statements": 25, "percent_covered": 80.0, "percent_covered_display": "80", "missing_lines": 5, "excluded_lines": 0}, "missing_lines": [347, 348, 352, 353, 354], "excluded_lines": []}, "get_pending_k2n_bridges": {"executed_lines": [358, 359, 360, 362, 363, 366, 375, 376, 391], "summary": {"covered_lines": 9, "num_statements": 29, "percent_covered": 31.03448275862069, "percent_covered_display": "31", "missing_lines": 20, "excluded_lines": 0}, "missing_lines": [367, 368, 369, 370, 371, 372, 377, 378, 379, 380, 381, 382, 384, 385, 387, 388, 389, 393, 394, 395], "excluded_lines": []}, "get_top_scored_pairs": {"executed_lines": [], "summary": {"covered_lines": 0, "num_statements": 86, "percent_covered": 0.0, "percent_covered_display": "0", "missing_lines": 86, "excluded_lines": 0}, "missing_lines": [406, 407, 410, 411, 413, 415, 416, 417, 418, 421, 422, 427, 428, 429, 430, 431, 434, 435, 436, 437, 438, 439, 440, 443, 444, 445, 446, 447, 449, 450, 451, 454, 455, 456, 457, 458, 459, 460, 464, 465, 468, 469, 470, 473, 474, 475, 476, 477, 478, 481, 482, 483, 484, 486, 487, 489, 493, 494, 495, 496, 497, 499, 501, 502, 503, 505, 506, 508, 509, 511, 514, 516, 517, 518, 519, 520, 524, 525, 526, 534, 536, 538, 539, 540, 541, 542], "excluded_lines": []}, "get_consensus_simulation": {"executed_lines": [], "summary": {"covered_lines": 0, "num_statements": 39, "percent_covered": 0.0, "percent_covered_display": "0", "missing_lines": 39, "excluded_lines": 0}, "missing_lines": [550, 552, 558, 559, 560, 561, 562, 563, 564, 565, 566, 567, 568, 571, 572, 573, 574, 575, 576, 577, 578, 579, 581, 582, 583, 585, 586, 587, 588, 589, 590, 591, 593, 594, 595, 596, 597, 599, 600], "excluded_lines": []}, "get_consensus_simulation._standardize_pair": {"executed_lines": [], "summary": {"covered_lines": 0, "num_statements": 3, "percent_covered": 0.0, "percent_covered_display": "0", "missing_lines": 3, "excluded_lines": 0}, "missing_lines": [553, 554, 555], "excluded_lines": []}, "get_high_win_simulation": {"executed_lines": [], "summary": {"covered_lines": 0, "num_statements": 16, "percent_covered": 0.0, "percent_covered_display": "0", "missing_lines": 16, "excluded_lines": 0}, "missing_lines": [604, 607, 612, 615, 617, 620, 621, 622, 624, 625, 629, 631, 632, 637, 638, 640], "excluded_lines": []}, "get_historical_dashboard_data": {"executed_lines": [], "summary": {"covered_lines": 0, "num_statements": 15, "percent_covered": 0.0, "percent_covered_display": "0", "missing_lines": 15, "excluded_lines": 0}, "missing_lines": [646, 647, 649, 650, 653, 654, 655, 660, 663, 668, 671, 674, 677, 680, 690], "excluded_lines": []}, "": {"executed_lines": [1, 2, 3, 4, 7, 8, 20, 21, 33, 34, 39, 43, 49, 50, 51, 73, 111, 165, 255, 263, 310, 356, 401, 548, 602, 642], "summary": {"covered_lines": 26, "num_statements": 26, "percent_covered": 100.0, "percent_covered_display": "100", "missing_lines": 0, "excluded_lines": 25}, "missing_lines": [], "excluded_lines": [9, 10, 12, 22, 23, 24, 25, 27, 28, 29, 30, 53, 54, 55, 56, 57, 58, 59, 60, 61, 62, 63, 64, 65, 66]}}, "classes": {"": {"executed_lines": [1, 2, 3, 4, 7, 8, 20, 21, 33, 34, 39, 43, 49, 50, 51, 73, 75, 77, 78, 80, 81, 83, 86, 88, 89, 91, 92, 93, 94, 95, 97, 98, 100, 101, 102, 103, 105, 111, 113, 114, 116, 117, 119, 120, 122, 124, 125, 126, 127, 128, 130, 132, 133, 135, 136, 138, 139, 140, 141, 142, 143, 144, 146, 147, 151, 153, 156, 158, 159, 161, 162, 163, 165, 167, 169, 170, 172, 255, 257, 258, 259, 260, 263, 266, 267, 268, 270, 272, 273, 274, 276, 280, 282, 283, 284, 286, 287, 288, 290, 291, 292, 293, 297, 298, 299, 300, 301, 303, 304, 306, 307, 308, 310, 313, 315, 316, 318, 319, 320, 321, 323, 324, 325, 326, 327, 329, 331, 332, 334, 338, 340, 342, 350, 356, 358, 359, 360, 362, 363, 366, 375, 376, 391, 401, 548, 602, 642], "summary": {"covered_lines": 147, "num_statements": 390, "percent_covered": 37.69230769230769, "percent_covered_display": "38", "missing_lines": 243, "excluded_lines": 25}, "missing_lines": [84, 107, 108, 109, 148, 149, 154, 174, 175, 177, 178, 179, 180, 181, 183, 185, 186, 187, 188, 190, 191, 192, 193, 194, 195, 196, 201, 202, 204, 206, 207, 208, 210, 211, 212, 213, 214, 216, 217, 219, 220, 221, 222, 224, 226, 228, 229, 231, 232, 233, 235, 236, 238, 239, 241, 243, 249, 294, 295, 347, 348, 352, 353, 354, 367, 368, 369, 370, 371, 372, 377, 378, 379, 380, 381, 382, 384, 385, 387, 388, 389, 393, 394, 395, 406, 407, 410, 411, 413, 415, 416, 417, 418, 421, 422, 427, 428, 429, 430, 431, 434, 435, 436, 437, 438, 439, 440, 443, 444, 445, 446, 447, 449, 450, 451, 454, 455, 456, 457, 458, 459, 460, 464, 465, 468, 469, 470, 473, 474, 475, 476, 477, 478, 481, 482, 483, 484, 486, 487, 489, 493, 494, 495, 496, 497, 499, 501, 502, 503, 505, 506, 508, 509, 511, 514, 516, 517, 518, 519, 520, 524, 525, 526, 534, 536, 538, 539, 540, 541, 542, 550, 552, 553, 554, 555, 558, 559, 560, 561, 562, 563, 564, 565, 566, 567, 568, 571, 572, 573, 574, 575, 576, 577, 578, 579, 581, 582, 583, 585, 586, 587, 588, 589, 590, 591, 593, 594, 595, 596, 597, 599, 600, 604, 607, 612, 615, 617, 620, 621, 622, 624, 625, 629, 631, 632, 637, 638, 640, 646, 647, 649, 650, 653, 654, 655, 660, 663, 668, 671, 674, 677, 680, 690], "excluded_lines": [9, 10, 12, 22, 23, 24, 25, 27, 28, 29, 30, 53, 54, 55, 56, 57, 58, 59, 60, 61, 62, 63, 64, 65, 66]}}}, "logic/data_parser.py": {"executed_lines": [5, 6, 7, 8, 9, 12, 14, 20, 41, 64, 102, 160, 230, 289], "summary": {"covered_lines": 14, "num_statements": 187, "percent_covered": 7.4866310160427805, "percent_covered_display": "7", "missing_lines": 173, "excluded_lines": 0}, "missing_lines": [23, 24, 27, 32, 42, 43, 45, 46, 47, 48, 50, 51, 52, 53, 55, 56, 57, 60, 62, 65, 66, 73, 81, 88, 90, 91, 92, 93, 94, 95, 96, 103, 104, 106, 107, 108, 110, 112, 113, 114, 115, 116, 117, 119, 120, 121, 122, 123, 124, 126, 127, 128, 130, 132, 133, 134, 135, 136, 138, 139, 140, 142, 143, 144, 146, 147, 148, 149, 151, 152, 154, 156, 157, 161, 162, 164, 166, 167, 168, 170, 172, 174, 175, 177, 178, 179, 180, 181, 183, 184, 185, 186, 187, 188, 190, 191, 192, 194, 196, 197, 200, 201, 202, 204, 205, 206, 207, 209, 210, 211, 213, 214, 215, 217, 218, 219, 220, 222, 223, 225, 227, 228, 231, 232, 234, 236, 237, 238, 239, 241, 242, 243, 245, 247, 248, 250, 251, 252, 254, 255, 256, 257, 259, 260, 261, 263, 264, 265, 266, 268, 269, 270, 272, 273, 274, 275, 277, 278, 280, 282, 283, 290, 291, 292, 293, 294, 296, 297, 299, 301, 302, 303, 304], "excluded_lines": [], "functions": {"_parse_single_ky": {"executed_lines": [], "summary": {"covered_lines": 0, "num_statements": 15, "percent_covered": 0.0, "percent_covered_display": "0", "missing_lines": 15, "excluded_lines": 0}, "missing_lines": [42, 43, 45, 46, 47, 48, 50, 51, 52, 53, 55, 56, 57, 60, 62], "excluded_lines": []}, "_insert_data_batch": {"executed_lines": [], "summary": {"covered_lines": 0, "num_statements": 12, "percent_covered": 0.0, "percent_covered_display": "0", "missing_lines": 12, "excluded_lines": 0}, "missing_lines": [65, 66, 73, 81, 88, 90, 91, 92, 93, 94, 95, 96], "excluded_lines": []}, "parse_and_insert_data": {"executed_lines": [], "summary": {"covered_lines": 0, "num_statements": 42, "percent_covered": 0.0, "percent_covered_display": "0", "missing_lines": 42, "excluded_lines": 0}, "missing_lines": [103, 104, 106, 107, 108, 110, 112, 113, 114, 115, 116, 117, 119, 120, 121, 122, 123, 124, 126, 127, 128, 130, 132, 133, 134, 135, 136, 138, 139, 140, 142, 143, 144, 146, 147, 148, 149, 151, 152, 154, 156, 157], "excluded_lines": []}, "parse_and_APPEND_data": {"executed_lines": [], "summary": {"covered_lines": 0, "num_statements": 49, "percent_covered": 0.0, "percent_covered_display": "0", "missing_lines": 49, "excluded_lines": 0}, "missing_lines": [161, 162, 164, 166, 167, 168, 170, 172, 174, 175, 177, 178, 179, 180, 181, 183, 184, 185, 186, 187, 188, 190, 191, 192, 194, 196, 197, 200, 201, 202, 204, 205, 206, 207, 209, 210, 211, 213, 214, 215, 217, 218, 219, 220, 222, 223, 225, 227, 228], "excluded_lines": []}, "parse_and_APPEND_data_TEXT": {"executed_lines": [], "summary": {"covered_lines": 0, "num_statements": 39, "percent_covered": 0.0, "percent_covered_display": "0", "missing_lines": 39, "excluded_lines": 0}, "missing_lines": [231, 232, 234, 236, 237, 238, 239, 241, 242, 243, 245, 247, 248, 250, 251, 252, 254, 255, 256, 257, 259, 260, 261, 263, 264, 265, 266, 268, 269, 270, 272, 273, 274, 275, 277, 278, 280, 282, 283], "excluded_lines": []}, "run_and_update_from_text": {"executed_lines": [], "summary": {"covered_lines": 0, "num_statements": 12, "percent_covered": 0.0, "percent_covered_display": "0", "missing_lines": 12, "excluded_lines": 0}, "missing_lines": [290, 291, 292, 293, 294, 296, 297, 299, 301, 302, 303, 304], "excluded_lines": []}, "": {"executed_lines": [5, 6, 7, 8, 9, 12, 14, 20, 41, 64, 102, 160, 230, 289], "summary": {"covered_lines": 14, "num_statements": 18, "percent_covered": 77.77777777777777, "percent_covered_display": "78", "missing_lines": 4, "excluded_lines": 0}, "missing_lines": [23, 24, 27, 32], "excluded_lines": []}}, "classes": {"": {"executed_lines": [5, 6, 7, 8, 9, 12, 14, 20, 41, 64, 102, 160, 230, 289], "summary": {"covered_lines": 14, "num_statements": 187, "percent_covered": 7.4866310160427805, "percent_covered_display": "7", "missing_lines": 173, "excluded_lines": 0}, "missing_lines": [23, 24, 27, 32, 42, 43, 45, 46, 47, 48, 50, 51, 52, 53, 55, 56, 57, 60, 62, 65, 66, 73, 81, 88, 90, 91, 92, 93, 94, 95, 96, 103, 104, 106, 107, 108, 110, 112, 113, 114, 115, 116, 117, 119, 120, 121, 122, 123, 124, 126, 127, 128, 130, 132, 133, 134, 135, 136, 138, 139, 140, 142, 143, 144, 146, 147, 148, 149, 151, 152, 154, 156, 157, 161, 162, 164, 166, 167, 168, 170, 172, 174, 175, 177, 178, 179, 180, 181, 183, 184, 185, 186, 187, 188, 190, 191, 192, 194, 196, 197, 200, 201, 202, 204, 205, 206, 207, 209, 210, 211, 213, 214, 215, 217, 218, 219, 220, 222, 223, 225, 227, 228, 231, 232, 234, 236, 237, 238, 239, 241, 242, 243, 245, 247, 248, 250, 251, 252, 254, 255, 256, 257, 259, 260, 261, 263, 264, 265, 266, 268, 269, 270, 272, 273, 274, 275, 277, 278, 280, 282, 283, 290, 291, 292, 293, 294, 296, 297, 299, 301, 302, 303, 304], "excluded_lines": []}}}, "logic/data_repository.py": {"executed_lines": [5, 6, 8, 11, 13, 15, 16, 19, 20, 21, 22, 27, 28, 29, 30, 31, 32, 34, 38, 39, 40, 41, 43, 44, 45, 46, 48, 49, 50, 52, 53, 55, 60, 62, 63, 70, 72, 73, 74, 76, 81, 82, 83, 117], "summary": {"covered_lines": 44, "num_statements": 71, "percent_covered": 61.971830985915496, "percent_covered_display": "62", "missing_lines": 27, "excluded_lines": 0}, "missing_lines": [17, 77, 78, 84, 85, 88, 89, 90, 91, 92, 95, 97, 98, 99, 100, 101, 104, 106, 107, 108, 109, 110, 113, 114, 119, 120, 121], "excluded_lines": [], "functions": {"load_data_ai_from_db": {"executed_lines": [15, 16, 19, 20, 21, 22, 27, 28, 29, 30, 31, 32], "summary": {"covered_lines": 12, "num_statements": 13, "percent_covered": 92.3076923076923, "percent_covered_display": "92", "missing_lines": 1, "excluded_lines": 0}, "missing_lines": [17], "excluded_lines": []}, "get_all_managed_bridges": {"executed_lines": [38, 39, 40, 41, 43, 44, 45, 46, 48, 49, 50, 52, 53, 55], "summary": {"covered_lines": 14, "num_statements": 14, "percent_covered": 100.0, "percent_covered_display": "100", "missing_lines": 0, "excluded_lines": 0}, "missing_lines": [], "excluded_lines": []}, "get_latest_ky_date": {"executed_lines": [62, 63, 70, 72, 73, 74, 76, 81, 82, 83, 117], "summary": {"covered_lines": 11, "num_statements": 37, "percent_covered": 29.72972972972973, "percent_covered_display": "30", "missing_lines": 26, "excluded_lines": 0}, "missing_lines": [77, 78, 84, 85, 88, 89, 90, 91, 92, 95, 97, 98, 99, 100, 101, 104, 106, 107, 108, 109, 110, 113, 114, 119, 120, 121], "excluded_lines": []}, "": {"executed_lines": [5, 6, 8, 11, 13, 34, 60], "summary": {"covered_lines": 7, "num_statements": 7, "percent_covered": 100.0, "percent_covered_display": "100", "missing_lines": 0, "excluded_lines": 0}, "missing_lines": [], "excluded_lines": []}}, "classes": {"": {"executed_lines": [5, 6, 8, 11, 13, 15, 16, 19, 20, 21, 22, 27, 28, 29, 30, 31, 32, 34, 38, 39, 40, 41, 43, 44, 45, 46, 48, 49, 50, 52, 53, 55, 60, 62, 63, 70, 72, 73, 74, 76, 81, 82, 83, 117], "summary": {"covered_lines": 44, "num_statements": 71, "percent_covered": 61.971830985915496, "percent_covered_display": "62", "missing_lines": 27, "excluded_lines": 0}, "missing_lines": [17, 77, 78, 84, 85, 88, 89, 90, 91, 92, 95, 97, 98, 99, 100, 101, 104, 106, 107, 108, 109, 110, 113, 114, 119, 120, 121], "excluded_lines": []}}}, "logic/db_manager.py": {"executed_lines": [5, 6, 9, 11, 19, 20, 31, 36, 37, 39, 47, 64, 86, 87, 88, 89, 90, 91, 92, 93, 95, 96, 97, 98, 100, 101, 103, 105, 106, 107, 108, 110, 111, 112, 114, 120, 121, 122, 123, 124, 125, 126, 128, 129, 130, 132, 136, 142, 143, 144, 145, 146, 147, 148, 149, 150, 151, 152, 154, 155, 156, 157, 158, 159, 160, 161, 162, 163, 164, 170, 172, 173, 175, 176, 177, 186, 188, 189, 190, 191, 193, 194, 195, 196, 198, 199, 201, 202, 203, 207, 208, 209, 219, 236, 254, 287, 351], "summary": {"covered_lines": 97, "num_statements": 187, "percent_covered": 51.8716577540107, "percent_covered_display": "52", "missing_lines": 90, "excluded_lines": 8}, "missing_lines": [127, 178, 179, 180, 211, 212, 213, 214, 215, 216, 221, 222, 223, 224, 229, 230, 231, 232, 233, 234, 238, 239, 240, 241, 242, 243, 244, 245, 246, 247, 259, 260, 261, 262, 263, 266, 269, 270, 272, 273, 275, 276, 277, 278, 280, 281, 293, 294, 295, 299, 300, 304, 306, 307, 308, 309, 312, 313, 314, 315, 316, 317, 319, 322, 323, 325, 326, 329, 338, 339, 340, 342, 343, 344, 357, 358, 359, 360, 361, 364, 374, 375, 377, 378, 380, 381, 382, 383, 385, 386], "excluded_lines": [21, 23, 24, 25, 26, 28, 296, 297], "functions": {"setup_database": {"executed_lines": [36, 37, 39, 47, 64, 86, 87, 88, 89, 90, 91, 92, 93, 95, 96, 97, 98, 100, 101], "summary": {"covered_lines": 19, "num_statements": 19, "percent_covered": 100.0, "percent_covered_display": "100", "missing_lines": 0, "excluded_lines": 0}, "missing_lines": [], "excluded_lines": []}, "_process_ky_entry": {"executed_lines": [105, 106, 107, 108, 110, 111, 112, 114, 120, 121, 122, 123, 124, 125, 126, 128, 129, 130, 132, 136], "summary": {"covered_lines": 20, "num_statements": 21, "percent_covered": 95.23809523809524, "percent_covered_display": "95", "missing_lines": 1, "excluded_lines": 0}, "missing_lines": [127], "excluded_lines": []}, "get_all_kys_from_db": {"executed_lines": [143, 144, 145, 146, 147, 148, 149, 150, 151, 152], "summary": {"covered_lines": 10, "num_statements": 10, "percent_covered": 100.0, "percent_covered_display": "100", "missing_lines": 0, "excluded_lines": 0}, "missing_lines": [], "excluded_lines": []}, "get_results_by_ky": {"executed_lines": [155, 156, 157, 158, 159, 160, 161, 162, 163, 164], "summary": {"covered_lines": 10, "num_statements": 10, "percent_covered": 100.0, "percent_covered_display": "100", "missing_lines": 0, "excluded_lines": 0}, "missing_lines": [], "excluded_lines": []}, "delete_all_managed_bridges": {"executed_lines": [172, 173, 175, 176, 177], "summary": {"covered_lines": 5, "num_statements": 8, "percent_covered": 62.5, "percent_covered_display": "62", "missing_lines": 3, "excluded_lines": 0}, "missing_lines": [178, 179, 180], "excluded_lines": []}, "add_managed_bridge": {"executed_lines": [188, 189, 190, 191, 193, 194, 195, 196, 198, 199, 201, 202, 203, 207, 208, 209], "summary": {"covered_lines": 16, "num_statements": 22, "percent_covered": 72.72727272727273, "percent_covered_display": "73", "missing_lines": 6, "excluded_lines": 0}, "missing_lines": [211, 212, 213, 214, 215, 216], "excluded_lines": []}, "update_managed_bridge": {"executed_lines": [], "summary": {"covered_lines": 0, "num_statements": 10, "percent_covered": 0.0, "percent_covered_display": "0", "missing_lines": 10, "excluded_lines": 0}, "missing_lines": [221, 222, 223, 224, 229, 230, 231, 232, 233, 234], "excluded_lines": []}, "delete_managed_bridge": {"executed_lines": [], "summary": {"covered_lines": 0, "num_statements": 10, "percent_covered": 0.0, "percent_covered_display": "0", "missing_lines": 10, "excluded_lines": 0}, "missing_lines": [238, 239, 240, 241, 242, 243, 244, 245, 246, 247], "excluded_lines": []}, "update_bridge_win_rate_batch": {"executed_lines": [], "summary": {"covered_lines": 0, "num_statements": 16, "percent_covered": 0.0, "percent_covered_display": "0", "missing_lines": 16, "excluded_lines": 0}, "missing_lines": [259, 260, 261, 262, 263, 266, 269, 270, 272, 273, 275, 276, 277, 278, 280, 281], "excluded_lines": []}, "upsert_managed_bridge": {"executed_lines": [], "summary": {"covered_lines": 0, "num_statements": 28, "percent_covered": 0.0, "percent_covered_display": "0", "missing_lines": 28, "excluded_lines": 2}, "missing_lines": [293, 294, 295, 299, 300, 304, 306, 307, 308, 309, 312, 313, 314, 315, 316, 317, 319, 322, 323, 325, 326, 329, 338, 339, 340, 342, 343, 344], "excluded_lines": [296, 297]}, "update_bridge_k2n_cache_batch": {"executed_lines": [], "summary": {"covered_lines": 0, "num_statements": 16, "percent_covered": 0.0, "percent_covered_display": "0", "missing_lines": 16, "excluded_lines": 0}, "missing_lines": [357, 358, 359, 360, 361, 364, 374, 375, 377, 378, 380, 381, 382, 383, 385, 386], "excluded_lines": []}, "": {"executed_lines": [5, 6, 9, 11, 19, 20, 31, 103, 142, 154, 170, 186, 219, 236, 254, 287, 351], "summary": {"covered_lines": 17, "num_statements": 17, "percent_covered": 100.0, "percent_covered_display": "100", "missing_lines": 0, "excluded_lines": 6}, "missing_lines": [], "excluded_lines": [21, 23, 24, 25, 26, 28]}}, "classes": {"": {"executed_lines": [5, 6, 9, 11, 19, 20, 31, 36, 37, 39, 47, 64, 86, 87, 88, 89, 90, 91, 92, 93, 95, 96, 97, 98, 100, 101, 103, 105, 106, 107, 108, 110, 111, 112, 114, 120, 121, 122, 123, 124, 125, 126, 128, 129, 130, 132, 136, 142, 143, 144, 145, 146, 147, 148, 149, 150, 151, 152, 154, 155, 156, 157, 158, 159, 160, 161, 162, 163, 164, 170, 172, 173, 175, 176, 177, 186, 188, 189, 190, 191, 193, 194, 195, 196, 198, 199, 201, 202, 203, 207, 208, 209, 219, 236, 254, 287, 351], "summary": {"covered_lines": 97, "num_statements": 187, "percent_covered": 51.8716577540107, "percent_covered_display": "52", "missing_lines": 90, "excluded_lines": 8}, "missing_lines": [127, 178, 179, 180, 211, 212, 213, 214, 215, 216, 221, 222, 223, 224, 229, 230, 231, 232, 233, 234, 238, 239, 240, 241, 242, 243, 244, 245, 246, 247, 259, 260, 261, 262, 263, 266, 269, 270, 272, 273, 275, 276, 277, 278, 280, 281, 293, 294, 295, 299, 300, 304, 306, 307, 308, 309, 312, 313, 314, 315, 316, 317, 319, 322, 323, 325, 326, 329, 338, 339, 340, 342, 343, 344, 357, 358, 359, 360, 361, 364, 374, 375, 377, 378, 380, 381, 382, 383, 385, 386], "excluded_lines": [21, 23, 24, 25, 26, 28, 296, 297]}}}, "logic/ml_model.py": {"executed_lines": [1, 2, 3, 4, 5, 6, 7, 8, 12, 13, 18, 19, 21, 22, 24, 26, 27, 30, 32, 34, 47, 51, 52, 53, 55, 57, 58, 61, 62, 63, 65, 68, 72, 75, 76, 79, 80, 83, 85, 88, 89, 93, 96, 99, 102, 105, 108, 111, 112, 116, 119, 120, 123, 124, 126, 127, 129, 130, 133, 137, 140, 141, 143, 144, 190, 196, 197], "summary": {"covered_lines": 67, "num_statements": 130, "percent_covered": 51.53846153846154, "percent_covered_display": "52", "missing_lines": 63, "excluded_lines": 11}, "missing_lines": [138, 146, 149, 150, 151, 155, 156, 157, 158, 160, 162, 173, 176, 177, 180, 182, 184, 185, 186, 187, 199, 200, 202, 204, 205, 207, 209, 210, 213, 214, 217, 218, 221, 222, 225, 227, 228, 232, 235, 238, 241, 244, 247, 250, 251, 255, 258, 259, 262, 263, 265, 267, 270, 272, 273, 274, 279, 280, 282, 284, 285, 286, 287], "excluded_lines": [14, 15, 35, 37, 38, 39, 40, 41, 42, 43, 44], "functions": {"_standardize_pair": {"executed_lines": [26, 27], "summary": {"covered_lines": 2, "num_statements": 2, "percent_covered": 100.0, "percent_covered_display": "100", "missing_lines": 0, "excluded_lines": 0}, "missing_lines": [], "excluded_lines": []}, "prepare_training_data": {"executed_lines": [51, 52, 53, 55, 57, 58, 61, 62, 63, 65, 68, 72, 75, 76, 79, 80, 83, 85, 88, 89, 93, 96, 99, 102, 105, 108, 111, 112, 116, 119, 120, 123, 124, 126, 127, 129, 130], "summary": {"covered_lines": 37, "num_statements": 37, "percent_covered": 100.0, "percent_covered_display": "100", "missing_lines": 0, "excluded_lines": 0}, "missing_lines": [], "excluded_lines": []}, "train_ai_model": {"executed_lines": [137, 140, 141, 143, 144], "summary": {"covered_lines": 5, "num_statements": 25, "percent_covered": 20.0, "percent_covered_display": "20", "missing_lines": 20, "excluded_lines": 0}, "missing_lines": [138, 146, 149, 150, 151, 155, 156, 157, 158, 160, 162, 173, 176, 177, 180, 182, 184, 185, 186, 187], "excluded_lines": []}, "get_ai_predictions": {"executed_lines": [196, 197], "summary": {"covered_lines": 2, "num_statements": 45, "percent_covered": 4.444444444444445, "percent_covered_display": "4", "missing_lines": 43, "excluded_lines": 0}, "missing_lines": [199, 200, 202, 204, 205, 207, 209, 210, 213, 214, 217, 218, 221, 222, 225, 227, 228, 232, 235, 238, 241, 244, 247, 250, 251, 255, 258, 259, 262, 263, 265, 267, 270, 272, 273, 274, 279, 280, 282, 284, 285, 286, 287], "excluded_lines": []}, "": {"executed_lines": [1, 2, 3, 4, 5, 6, 7, 8, 12, 13, 18, 19, 21, 22, 24, 30, 32, 34, 47, 133, 190], "summary": {"covered_lines": 21, "num_statements": 21, "percent_covered": 100.0, "percent_covered_display": "100", "missing_lines": 0, "excluded_lines": 11}, "missing_lines": [], "excluded_lines": [14, 15, 35, 37, 38, 39, 40, 41, 42, 43, 44]}}, "classes": {"": {"executed_lines": [1, 2, 3, 4, 5, 6, 7, 8, 12, 13, 18, 19, 21, 22, 24, 26, 27, 30, 32, 34, 47, 51, 52, 53, 55, 57, 58, 61, 62, 63, 65, 68, 72, 75, 76, 79, 80, 83, 85, 88, 89, 93, 96, 99, 102, 105, 108, 111, 112, 116, 119, 120, 123, 124, 126, 127, 129, 130, 133, 137, 140, 141, 143, 144, 190, 196, 197], "summary": {"covered_lines": 67, "num_statements": 130, "percent_covered": 51.53846153846154, "percent_covered_display": "52", "missing_lines": 63, "excluded_lines": 11}, "missing_lines": [138, 146, 149, 150, 151, 155, 156, 157, 158, 160, 162, 173, 176, 177, 180, 182, 184, 185, 186, 187, 199, 200, 202, 204, 205, 207, 209, 210, 213, 214, 217, 218, 221, 222, 225, 227, 228, 232, 235, 238, 241, 244, 247, 250, 251, 255, 258, 259, 262, 263, 265, 267, 270, 272, 273, 274, 279, 280, 282, 284, 285, 286, 287], "excluded_lines": [14, 15, 35, 37, 38, 39, 40, 41, 42, 43, 44]}}}, "logic/utils.py": {"executed_lines": [1, 2, 8, 13, 16, 28, 44, 55], "summary": {"covered_lines": 8, "num_statements": 46, "percent_covered": 17.391304347826086, "percent_covered_display": "17", "missing_lines": 38, "excluded_lines": 0}, "missing_lines": [14, 17, 18, 19, 20, 21, 22, 24, 25, 26, 30, 31, 33, 34, 35, 36, 37, 38, 39, 40, 41, 42, 46, 47, 48, 49, 50, 51, 52, 53, 57, 58, 59, 60, 61, 62, 63, 64], "excluded_lines": [], "functions": {"getBongDuong_V30": {"executed_lines": [], "summary": {"covered_lines": 0, "num_statements": 1, "percent_covered": 0.0, "percent_covered_display": "0", "missing_lines": 1, "excluded_lines": 0}, "missing_lines": [14], "excluded_lines": []}, "taoSTL_V30_Bong": {"executed_lines": [], "summary": {"covered_lines": 0, "num_statements": 9, "percent_covered": 0.0, "percent_covered_display": "0", "missing_lines": 9, "excluded_lines": 0}, "missing_lines": [17, 18, 19, 20, 21, 22, 24, 25, 26], "excluded_lines": []}, "getAllLoto_V30": {"executed_lines": [], "summary": {"covered_lines": 0, "num_statements": 12, "percent_covered": 0.0, "percent_covered_display": "0", "missing_lines": 12, "excluded_lines": 0}, "missing_lines": [30, 31, 33, 34, 35, 36, 37, 38, 39, 40, 41, 42], "excluded_lines": []}, "checkHitSet_V30_K2N": {"executed_lines": [], "summary": {"covered_lines": 0, "num_statements": 8, "percent_covered": 0.0, "percent_covered_display": "0", "missing_lines": 8, "excluded_lines": 0}, "missing_lines": [46, 47, 48, 49, 50, 51, 52, 53], "excluded_lines": []}, "calculate_loto_stats": {"executed_lines": [], "summary": {"covered_lines": 0, "num_statements": 8, "percent_covered": 0.0, "percent_covered_display": "0", "missing_lines": 8, "excluded_lines": 0}, "missing_lines": [57, 58, 59, 60, 61, 62, 63, 64], "excluded_lines": []}, "": {"executed_lines": [1, 2, 8, 13, 16, 28, 44, 55], "summary": {"covered_lines": 8, "num_statements": 8, "percent_covered": 100.0, "percent_covered_display": "100", "missing_lines": 0, "excluded_lines": 0}, "missing_lines": [], "excluded_lines": []}}, "classes": {"": {"executed_lines": [1, 2, 8, 13, 16, 28, 44, 55], "summary": {"covered_lines": 8, "num_statements": 46, "percent_covered": 17.391304347826086, "percent_covered_display": "17", "missing_lines": 38, "excluded_lines": 0}, "missing_lines": [14, 17, 18, 19, 20, 21, 22, 24, 25, 26, 30, 31, 33, 34, 35, 36, 37, 38, 39, 40, 41, 42, 46, 47, 48, 49, 50, 51, 52, 53, 57, 58, 59, 60, 61, 62, 63, 64], "excluded_lines": []}}}}, "totals": {"covered_lines": 880, "num_statements": 2703, "percent_covered": 32.556418793932664, "percent_covered_display": "33", "missing_lines": 1823, "excluded_lines": 139}}